<?xml version="1.0" encoding="UTF-8"?>
<testsuite xmlns:xsi="http://www.w3.org/2001/XMLSchema-instance" xsi:noNamespaceSchemaLocation="https://maven.apache.org/surefire/maven-surefire-plugin/xsd/surefire-test-report.xsd" version="3.0.2" name="cn.sifangguan.hotelaios.shared.security.PostgresMigrationIntegrationTest" time="4.645" tests="1" errors="0" skipped="0" failures="0">
  <properties>
[...]
</properties>
  <testcase name="migrationsApplyAndRuntimeRoleIsTenantIsolated" classname="cn.sifangguan.hotelaios.shared.security.PostgresMigrationIntegrationTest" time="4.644">
    <system-out><![CDATA[2026-07-18T01:43:06.493+08:00  INFO 7584 --- [hotel-ai-os-core-api] [itdb:pid(31080)] i.z.t.d.p.embedded.EmbeddedPostgres      : The files belonging to this database system will be owned by user "MSN".
2026-07-18T01:43:06.494+08:00  INFO 7584 --- [hotel-ai-os-core-api] [itdb:pid(31080)] i.z.t.d.p.embedded.EmbeddedPostgres      : This user must also own the server process.
2026-07-18T01:43:06.494+08:00  INFO 7584 --- [hotel-ai-os-core-api] [itdb:pid(31080)] i.z.t.d.p.embedded.EmbeddedPostgres      : 
2026-07-18T01:43:06.494+08:00  INFO 7584 --- [hotel-ai-os-core-api] [itdb:pid(31080)] i.z.t.d.p.embedded.EmbeddedPostgres      : The database cluster will be initialized with locale "Chinese (Simplified)_China.936".
2026-07-18T01:43:06.494+08:00  INFO 7584 --- [hotel-ai-os-core-api] [itdb:pid(31080)] i.z.t.d.p.embedded.EmbeddedPostgres      : initdb: could not find suitable text search configuration for locale "Chinese (Simplified)_China.936"
2026-07-18T01:43:06.494+08:00  INFO 7584 --- [hotel-ai-os-core-api] [itdb:pid(31080)] i.z.t.d.p.embedded.EmbeddedPostgres      : The default text search configuration will be set to "simple".
2026-07-18T01:43:06.494+08:00  INFO 7584 --- [hotel-ai-os-core-api] [itdb:pid(31080)] i.z.t.d.p.embedded.EmbeddedPostgres      : 
2026-07-18T01:43:06.494+08:00  INFO 7584 --- [hotel-ai-os-core-api] [itdb:pid(31080)] i.z.t.d.p.embedded.EmbeddedPostgres      : Data page checksums are disabled.
2026-07-18T01:43:06.494+08:00  INFO 7584 --- [hotel-ai-os-core-api] [itdb:pid(31080)] i.z.t.d.p.embedded.EmbeddedPostgres      : 
2026-07-18T01:43:06.494+08:00  INFO 7584 --- [hotel-ai-os-core-api] [itdb:pid(31080)] i.z.t.d.p.embedded.EmbeddedPostgres      : fixing permissions on existing directory C:/Users/MSN/AppData/Local/Temp/epg8285962717694626317 ... ok
2026-07-18T01:43:06.500+08:00  INFO 7584 --- [hotel-ai-os-core-api] [itdb:pid(31080)] i.z.t.d.p.embedded.EmbeddedPostgres      : creating subdirectories ... ok
2026-07-18T01:43:06.500+08:00  INFO 7584 --- [hotel-ai-os-core-api] [itdb:pid(31080)] i.z.t.d.p.embedded.EmbeddedPostgres      : selecting dynamic shared memory implementation ... windows
2026-07-18T01:43:06.560+08:00  INFO 7584 --- [hotel-ai-os-core-api] [itdb:pid(31080)] i.z.t.d.p.embedded.EmbeddedPostgres      : selecting default max_connections ... 100
2026-07-18T01:43:06.623+08:00  INFO 7584 --- [hotel-ai-os-core-api] [itdb:pid(31080)] i.z.t.d.p.embedded.EmbeddedPostgres      : selecting default shared_buffers ... 128MB
2026-07-18T01:43:06.625+08:00  INFO 7584 --- [hotel-ai-os-core-api] [itdb:pid(31080)] i.z.t.d.p.embedded.EmbeddedPostgres      : selecting default time zone ... Asia/Shanghai
2026-07-18T01:43:06.628+08:00  INFO 7584 --- [hotel-ai-os-core-api] [itdb:pid(31080)] i.z.t.d.p.embedded.EmbeddedPostgres      : creating configuration files ... ok
2026-07-18T01:43:07.018+08:00  INFO 7584 --- [hotel-ai-os-core-api] [itdb:pid(31080)] i.z.t.d.p.embedded.EmbeddedPostgres      : running bootstrap script ... ok
2026-07-18T01:43:07.903+08:00  INFO 7584 --- [hotel-ai-os-core-api] [itdb:pid(31080)] i.z.t.d.p.embedded.EmbeddedPostgres      : performing post-bootstrap initialization ... ok
2026-07-18T01:43:08.844+08:00  INFO 7584 --- [hotel-ai-os-core-api] [itdb:pid(31080)] i.z.t.d.p.embedded.EmbeddedPostgres      : syncing data to disk ... ok
2026-07-18T01:43:08.845+08:00  INFO 7584 --- [hotel-ai-os-core-api] [itdb:pid(31080)] i.z.t.d.p.embedded.EmbeddedPostgres      : 
2026-07-18T01:43:08.845+08:00  INFO 7584 --- [hotel-ai-os-core-api] [itdb:pid(31080)] i.z.t.d.p.embedded.EmbeddedPostgres      : Success. You can now start the database server using:
2026-07-18T01:43:08.845+08:00  INFO 7584 --- [hotel-ai-os-core-api] [itdb:pid(31080)] i.z.t.d.p.embedded.EmbeddedPostgres      : 
2026-07-18T01:43:08.845+08:00  INFO 7584 --- [hotel-ai-os-core-api] [itdb:pid(31080)] i.z.t.d.p.embedded.EmbeddedPostgres      :     ^"C^:^\Users^\MSN^\AppData^\Local^\Temp^\embedded^-pg^\PG^-3942d5a1dcdbfebc27772e9e670d5d85^\bin^\pg^_ctl^" -D ^"C^:^\Users^\MSN^\AppData^\Local^\Temp^\epg8285962717694626317^" -l logfile start
2026-07-18T01:43:08.845+08:00  INFO 7584 --- [hotel-ai-os-core-api] [itdb:pid(31080)] i.z.t.d.p.embedded.EmbeddedPostgres      : 
2026-07-18T01:43:08.851+08:00  INFO 7584 --- [hotel-ai-os-core-api] [           main] i.z.t.d.p.embedded.EmbeddedPostgres      : 6f3f8e2d-ab78-43a1-ae36-ede0b42c5742 initdb completed in 00:00:02.450
2026-07-18T01:43:08.854+08:00  INFO 7584 --- [hotel-ai-os-core-api] [           main] i.z.t.d.p.embedded.EmbeddedPostgres      : 6f3f8e2d-ab78-43a1-ae36-ede0b42c5742 postmaster started as Process[pid=8480, exitValue="not exited"] on port 62678.  Waiting up to PT10S for server startup to finish.
2026-07-18T01:43:09.076+08:00  INFO 7584 --- [hotel-ai-os-core-api] [tgres:pid(8480)] i.z.t.d.p.embedded.EmbeddedPostgres      : waiting for server to start....2026-07-18 01:43:09.076 CST [2988] ��־:  �������� PostgreSQL 14.22, compiled by Visual C++ build 1944, 64-bit
2026-07-18T01:43:09.080+08:00  INFO 7584 --- [hotel-ai-os-core-api] [tgres:pid(8480)] i.z.t.d.p.embedded.EmbeddedPostgres      : 2026-07-18 01:43:09.081 CST [2988] ��־:  ���ڼ���IPv6��ַ"::1"���˿� 62678
2026-07-18T01:43:09.081+08:00  INFO 7584 --- [hotel-ai-os-core-api] [tgres:pid(8480)] i.z.t.d.p.embedded.EmbeddedPostgres      : 2026-07-18 01:43:09.081 CST [2988] ��־:  ���ڼ���IPv4��ַ"127.0.0.1"���˿� 62678
2026-07-18T01:43:09.158+08:00  INFO 7584 --- [hotel-ai-os-core-api] [tgres:pid(8480)] i.z.t.d.p.embedded.EmbeddedPostgres      : 2026-07-18 01:43:09.158 CST [29440] ��־:  ���ݿ��ϴιر�ʱ��Ϊ 2026-07-18 01:43:07 CST
2026-07-18T01:43:09.329+08:00  INFO 7584 --- [hotel-ai-os-core-api] [tgres:pid(8480)] i.z.t.d.p.embedded.EmbeddedPostgres      : 2026-07-18 01:43:09.329 CST [2988] ��־:  ���ݿ�ϵͳ׼����������
2026-07-18T01:43:09.372+08:00  INFO 7584 --- [hotel-ai-os-core-api] [tgres:pid(8480)] i.z.t.d.p.embedded.EmbeddedPostgres      :  done
2026-07-18T01:43:09.372+08:00  INFO 7584 --- [hotel-ai-os-core-api] [tgres:pid(8480)] i.z.t.d.p.embedded.EmbeddedPostgres      : server started
2026-07-18T01:43:09.431+08:00  INFO 7584 --- [hotel-ai-os-core-api] [           main] i.z.t.d.p.embedded.EmbeddedPostgres      : 6f3f8e2d-ab78-43a1-ae36-ede0b42c5742 postmaster startup finished in 00:00:00.579
2026-07-18T01:43:09.587+08:00  INFO 7584 --- [hotel-ai-os-core-api] [           main] org.flywaydb.core.FlywayExecutor         : Database: jdbc:postgresql://localhost:62678/postgres (PostgreSQL 14.22)
2026-07-18T01:43:09.600+08:00  INFO 7584 --- [hotel-ai-os-core-api] [           main] o.f.c.i.s.JdbcTableSchemaHistory         : Schema history table "public"."flyway_schema_history" does not exist yet
2026-07-18T01:43:09.601+08:00  INFO 7584 --- [hotel-ai-os-core-api] [           main] o.f.core.internal.command.DbValidate     : Successfully validated 13 migrations (execution time 00:00.008s)
2026-07-18T01:43:09.607+08:00  INFO 7584 --- [hotel-ai-os-core-api] [           main] o.f.c.i.s.JdbcTableSchemaHistory         : Creating Schema History table "public"."flyway_schema_history" ...
2026-07-18T01:43:09.687+08:00  INFO 7584 --- [hotel-ai-os-core-api] [           main] o.f.core.internal.command.DbMigrate      : Current version of schema "public": << Empty Schema >>
2026-07-18T01:43:09.691+08:00  INFO 7584 --- [hotel-ai-os-core-api] [           main] o.f.core.internal.command.DbMigrate      : Migrating schema "public" to version "1 - sprint1 foundation"
2026-07-18T01:43:09.839+08:00  INFO 7584 --- [hotel-ai-os-core-api] [           main] o.f.core.internal.command.DbMigrate      : Migrating schema "public" to version "2 - tenant row level security"
2026-07-18T01:43:09.850+08:00  INFO 7584 --- [hotel-ai-os-core-api] [           main] o.f.c.i.s.DefaultSqlScriptExecutor       : DB: 关系"brand"的策略"tenant_isolation"不存在，跳过
2026-07-18T01:43:09.850+08:00  INFO 7584 --- [hotel-ai-os-core-api] [           main] o.f.c.i.s.DefaultSqlScriptExecutor       : DB: 关系"org_unit"的策略"tenant_isolation"不存在，跳过
2026-07-18T01:43:09.850+08:00  INFO 7584 --- [hotel-ai-os-core-api] [           main] o.f.c.i.s.DefaultSqlScriptExecutor       : DB: 关系"org_unit_closure"的策略"tenant_isolation"不存在，跳过
2026-07-18T01:43:09.850+08:00  INFO 7584 --- [hotel-ai-os-core-api] [           main] o.f.c.i.s.DefaultSqlScriptExecutor       : DB: 关系"hotel_profile"的策略"tenant_isolation"不存在，跳过
2026-07-18T01:43:09.850+08:00  INFO 7584 --- [hotel-ai-os-core-api] [           main] o.f.c.i.s.DefaultSqlScriptExecutor       : DB: 关系"user_account"的策略"tenant_isolation"不存在，跳过
2026-07-18T01:43:09.850+08:00  INFO 7584 --- [hotel-ai-os-core-api] [           main] o.f.c.i.s.DefaultSqlScriptExecutor       : DB: 关系"employee"的策略"tenant_isolation"不存在，跳过
2026-07-18T01:43:09.850+08:00  INFO 7584 --- [hotel-ai-os-core-api] [           main] o.f.c.i.s.DefaultSqlScriptExecutor       : DB: 关系"position_definition"的策略"tenant_isolation"不存在，跳过
2026-07-18T01:43:09.850+08:00  INFO 7584 --- [hotel-ai-os-core-api] [           main] o.f.c.i.s.DefaultSqlScriptExecutor       : DB: 关系"employee_position_assignment"的策略"tenant_isolation"不存在，跳过
2026-07-18T01:43:09.850+08:00  INFO 7584 --- [hotel-ai-os-core-api] [           main] o.f.c.i.s.DefaultSqlScriptExecutor       : DB: 关系"app_role"的策略"tenant_isolation"不存在，跳过
2026-07-18T01:43:09.850+08:00  INFO 7584 --- [hotel-ai-os-core-api] [           main] o.f.c.i.s.DefaultSqlScriptExecutor       : DB: 关系"role_permission"的策略"tenant_isolation"不存在，跳过
2026-07-18T01:43:09.850+08:00  INFO 7584 --- [hotel-ai-os-core-api] [           main] o.f.c.i.s.DefaultSqlScriptExecutor       : DB: 关系"role_assignment"的策略"tenant_isolation"不存在，跳过
2026-07-18T01:43:09.850+08:00  INFO 7584 --- [hotel-ai-os-core-api] [           main] o.f.c.i.s.DefaultSqlScriptExecutor       : DB: 关系"standard_category"的策略"tenant_isolation"不存在，跳过
2026-07-18T01:43:09.850+08:00  INFO 7584 --- [hotel-ai-os-core-api] [           main] o.f.c.i.s.DefaultSqlScriptExecutor       : DB: 关系"standard_definition"的策略"tenant_isolation"不存在，跳过
2026-07-18T01:43:09.850+08:00  INFO 7584 --- [hotel-ai-os-core-api] [           main] o.f.c.i.s.DefaultSqlScriptExecutor       : DB: 关系"standard_version"的策略"tenant_isolation"不存在，跳过
2026-07-18T01:43:09.850+08:00  INFO 7584 --- [hotel-ai-os-core-api] [           main] o.f.c.i.s.DefaultSqlScriptExecutor       : DB: 关系"standard_scope"的策略"tenant_isolation"不存在，跳过
2026-07-18T01:43:09.850+08:00  INFO 7584 --- [hotel-ai-os-core-api] [           main] o.f.c.i.s.DefaultSqlScriptExecutor       : DB: 关系"form_definition"的策略"tenant_isolation"不存在，跳过
2026-07-18T01:43:09.850+08:00  INFO 7584 --- [hotel-ai-os-core-api] [           main] o.f.c.i.s.DefaultSqlScriptExecutor       : DB: 关系"form_version"的策略"tenant_isolation"不存在，跳过
2026-07-18T01:43:09.850+08:00  INFO 7584 --- [hotel-ai-os-core-api] [           main] o.f.c.i.s.DefaultSqlScriptExecutor       : DB: 关系"work_record"的策略"tenant_isolation"不存在，跳过
2026-07-18T01:43:09.850+08:00  INFO 7584 --- [hotel-ai-os-core-api] [           main] o.f.c.i.s.DefaultSqlScriptExecutor       : DB: 关系"attachment"的策略"tenant_isolation"不存在，跳过
2026-07-18T01:43:09.850+08:00  INFO 7584 --- [hotel-ai-os-core-api] [           main] o.f.c.i.s.DefaultSqlScriptExecutor       : DB: 关系"metric_definition"的策略"tenant_isolation"不存在，跳过
2026-07-18T01:43:09.850+08:00  INFO 7584 --- [hotel-ai-os-core-api] [           main] o.f.c.i.s.DefaultSqlScriptExecutor       : DB: 关系"metric_observation"的策略"tenant_isolation"不存在，跳过
2026-07-18T01:43:09.850+08:00  INFO 7584 --- [hotel-ai-os-core-api] [           main] o.f.c.i.s.DefaultSqlScriptExecutor       : DB: 关系"audit_log"的策略"tenant_isolation"不存在，跳过
2026-07-18T01:43:09.850+08:00  INFO 7584 --- [hotel-ai-os-core-api] [           main] o.f.c.i.s.DefaultSqlScriptExecutor       : DB: 关系"outbox_event"的策略"tenant_isolation"不存在，跳过
2026-07-18T01:43:09.857+08:00  INFO 7584 --- [hotel-ai-os-core-api] [           main] o.f.core.internal.command.DbMigrate      : Migrating schema "public" to version "3 - sprint1 demo seed"
2026-07-18T01:43:09.858+08:00  INFO 7584 --- [hotel-ai-os-core-api] [           main] o.f.c.i.s.DefaultSqlScriptExecutor       : +--------------------------------------+
| set_config                           |
+--------------------------------------+
| 10000000-0000-0000-0000-000000000001 |
+--------------------------------------+

2026-07-18T01:43:09.895+08:00  INFO 7584 --- [hotel-ai-os-core-api] [           main] o.f.core.internal.command.DbMigrate      : Migrating schema "public" to version "4 - grant runtime privileges"
2026-07-18T01:43:09.907+08:00  INFO 7584 --- [hotel-ai-os-core-api] [           main] o.f.core.internal.command.DbMigrate      : Migrating schema "public" to version "5 - sprint2 work packages and records"
2026-07-18T01:43:09.995+08:00  INFO 7584 --- [hotel-ai-os-core-api] [           main] o.f.core.internal.command.DbMigrate      : Migrating schema "public" to version "6 - sprint2 reliable events"
2026-07-18T01:43:10.026+08:00  INFO 7584 --- [hotel-ai-os-core-api] [           main] o.f.core.internal.command.DbMigrate      : Migrating schema "public" to version "7 - enterprise rule center"
2026-07-18T01:43:10.080+08:00  INFO 7584 --- [hotel-ai-os-core-api] [           main] o.f.core.internal.command.DbMigrate      : Migrating schema "public" to version "8 - management task center"
2026-07-18T01:43:10.140+08:00  INFO 7584 --- [hotel-ai-os-core-api] [           main] o.f.core.internal.command.DbMigrate      : Migrating schema "public" to version "9 - standard evaluation and notification"
2026-07-18T01:43:10.186+08:00  INFO 7584 --- [hotel-ai-os-core-api] [           main] o.f.core.internal.command.DbMigrate      : Migrating schema "public" to version "10 - sprint2 permissions and six role seed"
2026-07-18T01:43:10.187+08:00  INFO 7584 --- [hotel-ai-os-core-api] [           main] o.f.c.i.s.DefaultSqlScriptExecutor       : +--------------------------------------+
| set_config                           |
+--------------------------------------+
| 10000000-0000-0000-0000-000000000001 |
+--------------------------------------+

2026-07-18T01:43:10.201+08:00  INFO 7584 --- [hotel-ai-os-core-api] [           main] o.f.core.internal.command.DbMigrate      : Migrating schema "public" to version "11 - published standard and form immutability"
2026-07-18T01:43:10.207+08:00  INFO 7584 --- [hotel-ai-os-core-api] [           main] o.f.core.internal.command.DbMigrate      : Migrating schema "public" to version "12 - rule event reliability and immutability"
2026-07-18T01:43:10.218+08:00  INFO 7584 --- [hotel-ai-os-core-api] [           main] o.f.core.internal.command.DbMigrate      : Migrating schema "public" to version "13 - sprint2 1 regional dashboard permission"
2026-07-18T01:43:10.219+08:00  INFO 7584 --- [hotel-ai-os-core-api] [           main] o.f.c.i.s.DefaultSqlScriptExecutor       : +--------------------------------------+
| set_config                           |
+--------------------------------------+
| 10000000-0000-0000-0000-000000000001 |
+--------------------------------------+

2026-07-18T01:43:10.222+08:00  INFO 7584 --- [hotel-ai-os-core-api] [           main] o.f.core.internal.command.DbMigrate      : Successfully applied 13 migrations to schema "public", now at version v13 (execution time 00:00.454s)
2026-07-18T01:43:10.322+08:00  INFO 7584 --- [hotel-ai-os-core-api] [tgres:pid(8480)] i.z.t.d.p.embedded.EmbeddedPostgres      : 2026-07-18 01:43:10.322 CST [1704] 错误:  published, disabled or retired rule versions are immutable
2026-07-18T01:43:10.322+08:00  INFO 7584 --- [hotel-ai-os-core-api] [tgres:pid(8480)] i.z.t.d.p.embedded.EmbeddedPostgres      : 2026-07-18 01:43:10.322 CST [1704] 上下文:  在RAISE的第14行的PL/pgSQL函数protect_published_rule_version()
2026-07-18T01:43:10.322+08:00  INFO 7584 --- [hotel-ai-os-core-api] [tgres:pid(8480)] i.z.t.d.p.embedded.EmbeddedPostgres      : 2026-07-18 01:43:10.322 CST [1704] 语句:  UPDATE rule_version SET lifecycle_status = 'DRAFT' WHERE id = '30000000-0000-0000-0000-000000000003'::uuid
2026-07-18T01:43:10.323+08:00  INFO 7584 --- [hotel-ai-os-core-api] [tgres:pid(8480)] i.z.t.d.p.embedded.EmbeddedPostgres      : 2026-07-18 01:43:10.323 CST [1704] 错误:  published, disabled or retired rule versions are immutable
2026-07-18T01:43:10.323+08:00  INFO 7584 --- [hotel-ai-os-core-api] [tgres:pid(8480)] i.z.t.d.p.embedded.EmbeddedPostgres      : 2026-07-18 01:43:10.323 CST [1704] 上下文:  在RAISE的第14行的PL/pgSQL函数protect_published_rule_version()
2026-07-18T01:43:10.323+08:00  INFO 7584 --- [hotel-ai-os-core-api] [tgres:pid(8480)] i.z.t.d.p.embedded.EmbeddedPostgres      : 2026-07-18 01:43:10.323 CST [1704] 语句:  UPDATE rule_version SET condition_ast = '{"op":"TRUE"}'::jsonb WHERE id = '30000000-0000-0000-0000-000000000003'::uuid
2026-07-18T01:43:10.323+08:00  INFO 7584 --- [hotel-ai-os-core-api] [tgres:pid(8480)] i.z.t.d.p.embedded.EmbeddedPostgres      : 2026-07-18 01:43:10.324 CST [1704] 错误:  scope of a published, disabled or retired rule version is immutable
2026-07-18T01:43:10.323+08:00  INFO 7584 --- [hotel-ai-os-core-api] [tgres:pid(8480)] i.z.t.d.p.embedded.EmbeddedPostgres      : 2026-07-18 01:43:10.324 CST [1704] 上下文:  在RAISE的第11行的PL/pgSQL函数protect_published_rule_scope()
2026-07-18T01:43:10.323+08:00  INFO 7584 --- [hotel-ai-os-core-api] [tgres:pid(8480)] i.z.t.d.p.embedded.EmbeddedPostgres      : 2026-07-18 01:43:10.324 CST [1704] 语句:  DELETE FROM rule_scope WHERE rule_version_id = '30000000-0000-0000-0000-000000000003'::uuid
2026-07-18T01:43:10.324+08:00  INFO 7584 --- [hotel-ai-os-core-api] [tgres:pid(8480)] i.z.t.d.p.embedded.EmbeddedPostgres      : 2026-07-18 01:43:10.325 CST [1704] 错误:  scope of a published, disabled or retired rule version is immutable
2026-07-18T01:43:10.324+08:00  INFO 7584 --- [hotel-ai-os-core-api] [tgres:pid(8480)] i.z.t.d.p.embedded.EmbeddedPostgres      : 2026-07-18 01:43:10.325 CST [1704] 上下文:  在RAISE的第11行的PL/pgSQL函数protect_published_rule_scope()
2026-07-18T01:43:10.324+08:00  INFO 7584 --- [hotel-ai-os-core-api] [tgres:pid(8480)] i.z.t.d.p.embedded.EmbeddedPostgres      : 2026-07-18 01:43:10.325 CST [1704] 语句:  UPDATE rule_scope SET rule_version_id = '30000000-0000-0000-0000-000000000004'::uuid WHERE id = '30000000-0000-0000-0000-000000000005'::uuid
2026-07-18T01:43:10.324+08:00  INFO 7584 --- [hotel-ai-os-core-api] [tgres:pid(8480)] i.z.t.d.p.embedded.EmbeddedPostgres      : 	
2026-07-18T01:43:10.325+08:00  INFO 7584 --- [hotel-ai-os-core-api] [tgres:pid(8480)] i.z.t.d.p.embedded.EmbeddedPostgres      : 2026-07-18 01:43:10.326 CST [1704] 错误:  published, disabled or retired rule versions are immutable
2026-07-18T01:43:10.325+08:00  INFO 7584 --- [hotel-ai-os-core-api] [tgres:pid(8480)] i.z.t.d.p.embedded.EmbeddedPostgres      : 2026-07-18 01:43:10.326 CST [1704] 上下文:  在RAISE的第14行的PL/pgSQL函数protect_published_rule_version()
2026-07-18T01:43:10.325+08:00  INFO 7584 --- [hotel-ai-os-core-api] [tgres:pid(8480)] i.z.t.d.p.embedded.EmbeddedPostgres      : 2026-07-18 01:43:10.326 CST [1704] 语句:  UPDATE rule_version SET effective_to = now() + interval '1 hour' WHERE id = '30000000-0000-0000-0000-000000000003'::uuid
2026-07-18T01:43:10.333+08:00  INFO 7584 --- [hotel-ai-os-core-api] [tgres:pid(8480)] i.z.t.d.p.embedded.EmbeddedPostgres      : 2026-07-18 01:43:10.333 CST [1704] 错误:  only draft work package versions may change
2026-07-18T01:43:10.333+08:00  INFO 7584 --- [hotel-ai-os-core-api] [tgres:pid(8480)] i.z.t.d.p.embedded.EmbeddedPostgres      : 2026-07-18 01:43:10.333 CST [1704] 上下文:  在RAISE的第20行的PL/pgSQL函数require_draft_work_package_child()
2026-07-18T01:43:10.333+08:00  INFO 7584 --- [hotel-ai-os-core-api] [tgres:pid(8480)] i.z.t.d.p.embedded.EmbeddedPostgres      : 2026-07-18 01:43:10.333 CST [1704] 语句:  UPDATE work_package_item SET work_package_version_id = '30000000-0000-0000-0000-000000000012'
2026-07-18T01:43:10.333+08:00  INFO 7584 --- [hotel-ai-os-core-api] [tgres:pid(8480)] i.z.t.d.p.embedded.EmbeddedPostgres      : 	WHERE id = '30000000-0000-0000-0000-000000000013'::uuid
2026-07-18T01:43:10.333+08:00  INFO 7584 --- [hotel-ai-os-core-api] [tgres:pid(8480)] i.z.t.d.p.embedded.EmbeddedPostgres      : 	
2026-07-18T01:43:10.439+08:00  INFO 7584 --- [hotel-ai-os-core-api] [tgres:pid(8480)] i.z.t.d.p.embedded.EmbeddedPostgres      : 2026-07-18 01:43:10.440 CST [2988] ��־:  ���յ����� (fast) ֹͣ����
2026-07-18T01:43:10.439+08:00  INFO 7584 --- [hotel-ai-os-core-api] [tgres:pid(8480)] i.z.t.d.p.embedded.EmbeddedPostgres      : 2026-07-18 01:43:10.440 CST [2988] ��־:  �ж��κμ�������
2026-07-18T01:43:10.443+08:00  INFO 7584 --- [hotel-ai-os-core-api] [tgres:pid(8480)] i.z.t.d.p.embedded.EmbeddedPostgres      : 2026-07-18 01:43:10.444 CST [2988] ��־:  ��̨�������� "logical replication launcher" (PID 20436) ���˳�, �˳����� 1
2026-07-18T01:43:10.445+08:00  INFO 7584 --- [hotel-ai-os-core-api] [tgres:pid(8480)] i.z.t.d.p.embedded.EmbeddedPostgres      : 2026-07-18 01:43:10.445 CST [18816] ��־:  ���ڹر�
2026-07-18T01:43:10.485+08:00  INFO 7584 --- [hotel-ai-os-core-api] [tgres:pid(8480)] i.z.t.d.p.embedded.EmbeddedPostgres      : 2026-07-18 01:43:10.485 CST [2988] ��־:  ���ݿ�ϵͳ�ѹر�
2026-07-18T01:43:10.545+08:00  INFO 7584 --- [hotel-ai-os-core-api] [g_ctl:pid(2120)] i.z.t.d.p.embedded.EmbeddedPostgres      : waiting for server to shut down.... done
2026-07-18T01:43:10.545+08:00  INFO 7584 --- [hotel-ai-os-core-api] [g_ctl:pid(2120)] i.z.t.d.p.embedded.EmbeddedPostgres      : server stopped
2026-07-18T01:43:10.548+08:00  INFO 7584 --- [hotel-ai-os-core-api] [           main] i.z.t.d.p.embedded.EmbeddedPostgres      : 6f3f8e2d-ab78-43a1-ae36-ede0b42c5742 shut down postmaster in 00:00:00.135
]]></system-out>
  </testcase>
</testsuite>