<?xml version="1.0" encoding="UTF-8"?>
<testsuite xmlns:xsi="http://www.w3.org/2001/XMLSchema-instance" xsi:noNamespaceSchemaLocation="https://maven.apache.org/surefire/maven-surefire-plugin/xsd/surefire-test-report.xsd" version="3.0.2" name="cn.sifangguan.hotelaios.workpackage.WorkPackageFlowIntegrationTest" time="5.618" tests="1" errors="0" skipped="0" failures="0">
  <properties>
[...]
</properties>
  <testcase name="publishedPackageGeneratesExpectationAndAcceptsSchemaValidatedRecord" classname="cn.sifangguan.hotelaios.workpackage.WorkPackageFlowIntegrationTest" time="0.507">
    <system-out><![CDATA[2026-07-18T02:14:47.085+08:00  INFO 29964 --- [hotel-ai-os-core-api] [           main] t.c.s.AnnotationConfigContextLoaderUtils : Could not detect default configuration classes for test class [cn.sifangguan.hotelaios.workpackage.WorkPackageFlowIntegrationTest]: WorkPackageFlowIntegrationTest does not declare any static, non-private, non-final, nested classes annotated with @Configuration.
2026-07-18T02:14:47.086+08:00  INFO 29964 --- [hotel-ai-os-core-api] [           main] .b.t.c.SpringBootTestContextBootstrapper : Found @SpringBootConfiguration cn.sifangguan.hotelaios.HotelAiOsApplication for test class cn.sifangguan.hotelaios.workpackage.WorkPackageFlowIntegrationTest
2026-07-18T02:14:47.183+08:00  INFO 29964 --- [hotel-ai-os-core-api] [itdb:pid(28264)] i.z.t.d.p.embedded.EmbeddedPostgres      : The files belonging to this database system will be owned by user "MSN".
2026-07-18T02:14:47.184+08:00  INFO 29964 --- [hotel-ai-os-core-api] [itdb:pid(28264)] i.z.t.d.p.embedded.EmbeddedPostgres      : This user must also own the server process.
2026-07-18T02:14:47.184+08:00  INFO 29964 --- [hotel-ai-os-core-api] [itdb:pid(28264)] i.z.t.d.p.embedded.EmbeddedPostgres      : 
2026-07-18T02:14:47.184+08:00  INFO 29964 --- [hotel-ai-os-core-api] [itdb:pid(28264)] i.z.t.d.p.embedded.EmbeddedPostgres      : The database cluster will be initialized with locale "Chinese (Simplified)_China.936".
2026-07-18T02:14:47.184+08:00  INFO 29964 --- [hotel-ai-os-core-api] [itdb:pid(28264)] i.z.t.d.p.embedded.EmbeddedPostgres      : initdb: could not find suitable text search configuration for locale "Chinese (Simplified)_China.936"
2026-07-18T02:14:47.184+08:00  INFO 29964 --- [hotel-ai-os-core-api] [itdb:pid(28264)] i.z.t.d.p.embedded.EmbeddedPostgres      : The default text search configuration will be set to "simple".
2026-07-18T02:14:47.184+08:00  INFO 29964 --- [hotel-ai-os-core-api] [itdb:pid(28264)] i.z.t.d.p.embedded.EmbeddedPostgres      : 
2026-07-18T02:14:47.184+08:00  INFO 29964 --- [hotel-ai-os-core-api] [itdb:pid(28264)] i.z.t.d.p.embedded.EmbeddedPostgres      : Data page checksums are disabled.
2026-07-18T02:14:47.184+08:00  INFO 29964 --- [hotel-ai-os-core-api] [itdb:pid(28264)] i.z.t.d.p.embedded.EmbeddedPostgres      : 
2026-07-18T02:14:47.184+08:00  INFO 29964 --- [hotel-ai-os-core-api] [itdb:pid(28264)] i.z.t.d.p.embedded.EmbeddedPostgres      : fixing permissions on existing directory C:/Users/MSN/AppData/Local/Temp/epg9492371840879379004 ... ok
2026-07-18T02:14:47.189+08:00  INFO 29964 --- [hotel-ai-os-core-api] [itdb:pid(28264)] i.z.t.d.p.embedded.EmbeddedPostgres      : creating subdirectories ... ok
2026-07-18T02:14:47.189+08:00  INFO 29964 --- [hotel-ai-os-core-api] [itdb:pid(28264)] i.z.t.d.p.embedded.EmbeddedPostgres      : selecting dynamic shared memory implementation ... windows
2026-07-18T02:14:47.251+08:00  INFO 29964 --- [hotel-ai-os-core-api] [itdb:pid(28264)] i.z.t.d.p.embedded.EmbeddedPostgres      : selecting default max_connections ... 100
2026-07-18T02:14:47.316+08:00  INFO 29964 --- [hotel-ai-os-core-api] [itdb:pid(28264)] i.z.t.d.p.embedded.EmbeddedPostgres      : selecting default shared_buffers ... 128MB
2026-07-18T02:14:47.317+08:00  INFO 29964 --- [hotel-ai-os-core-api] [itdb:pid(28264)] i.z.t.d.p.embedded.EmbeddedPostgres      : selecting default time zone ... Asia/Shanghai
2026-07-18T02:14:47.321+08:00  INFO 29964 --- [hotel-ai-os-core-api] [itdb:pid(28264)] i.z.t.d.p.embedded.EmbeddedPostgres      : creating configuration files ... ok
2026-07-18T02:14:47.731+08:00  INFO 29964 --- [hotel-ai-os-core-api] [itdb:pid(28264)] i.z.t.d.p.embedded.EmbeddedPostgres      : running bootstrap script ... ok
2026-07-18T02:14:48.641+08:00  INFO 29964 --- [hotel-ai-os-core-api] [itdb:pid(28264)] i.z.t.d.p.embedded.EmbeddedPostgres      : performing post-bootstrap initialization ... ok
2026-07-18T02:14:49.575+08:00  INFO 29964 --- [hotel-ai-os-core-api] [itdb:pid(28264)] i.z.t.d.p.embedded.EmbeddedPostgres      : syncing data to disk ... ok
2026-07-18T02:14:49.575+08:00  INFO 29964 --- [hotel-ai-os-core-api] [itdb:pid(28264)] i.z.t.d.p.embedded.EmbeddedPostgres      : 
2026-07-18T02:14:49.575+08:00  INFO 29964 --- [hotel-ai-os-core-api] [itdb:pid(28264)] i.z.t.d.p.embedded.EmbeddedPostgres      : Success. You can now start the database server using:
2026-07-18T02:14:49.575+08:00  INFO 29964 --- [hotel-ai-os-core-api] [itdb:pid(28264)] i.z.t.d.p.embedded.EmbeddedPostgres      : 
2026-07-18T02:14:49.575+08:00  INFO 29964 --- [hotel-ai-os-core-api] [itdb:pid(28264)] i.z.t.d.p.embedded.EmbeddedPostgres      :     ^"C^:^\Users^\MSN^\AppData^\Local^\Temp^\embedded^-pg^\PG^-3942d5a1dcdbfebc27772e9e670d5d85^\bin^\pg^_ctl^" -D ^"C^:^\Users^\MSN^\AppData^\Local^\Temp^\epg9492371840879379004^" -l logfile start
2026-07-18T02:14:49.575+08:00  INFO 29964 --- [hotel-ai-os-core-api] [itdb:pid(28264)] i.z.t.d.p.embedded.EmbeddedPostgres      : 
2026-07-18T02:14:49.580+08:00  INFO 29964 --- [hotel-ai-os-core-api] [           main] i.z.t.d.p.embedded.EmbeddedPostgres      : c1a0d8f5-d4a1-4f7d-8ec9-ddad57bf9754 initdb completed in 00:00:02.491
2026-07-18T02:14:49.584+08:00  INFO 29964 --- [hotel-ai-os-core-api] [           main] i.z.t.d.p.embedded.EmbeddedPostgres      : c1a0d8f5-d4a1-4f7d-8ec9-ddad57bf9754 postmaster started as Process[pid=25724, exitValue="not exited"] on port 54578.  Waiting up to PT10S for server startup to finish.
2026-07-18T02:14:49.811+08:00  INFO 29964 --- [hotel-ai-os-core-api] [gres:pid(25724)] i.z.t.d.p.embedded.EmbeddedPostgres      : waiting for server to start....2026-07-18 02:14:49.811 CST [29732] ��־:  �������� PostgreSQL 14.22, compiled by Visual C++ build 1944, 64-bit
2026-07-18T02:14:49.816+08:00  INFO 29964 --- [hotel-ai-os-core-api] [gres:pid(25724)] i.z.t.d.p.embedded.EmbeddedPostgres      : 2026-07-18 02:14:49.816 CST [29732] ��־:  ���ڼ���IPv6��ַ"::1"���˿� 54578
2026-07-18T02:14:49.816+08:00  INFO 29964 --- [hotel-ai-os-core-api] [gres:pid(25724)] i.z.t.d.p.embedded.EmbeddedPostgres      : 2026-07-18 02:14:49.816 CST [29732] ��־:  ���ڼ���IPv4��ַ"127.0.0.1"���˿� 54578
2026-07-18T02:14:49.888+08:00  INFO 29964 --- [hotel-ai-os-core-api] [gres:pid(25724)] i.z.t.d.p.embedded.EmbeddedPostgres      : 2026-07-18 02:14:49.888 CST [13372] ��־:  ���ݿ��ϴιر�ʱ��Ϊ 2026-07-18 02:14:48 CST
2026-07-18T02:14:50.057+08:00  INFO 29964 --- [hotel-ai-os-core-api] [gres:pid(25724)] i.z.t.d.p.embedded.EmbeddedPostgres      : 2026-07-18 02:14:50.057 CST [29732] ��־:  ���ݿ�ϵͳ׼����������
2026-07-18T02:14:50.091+08:00  INFO 29964 --- [hotel-ai-os-core-api] [gres:pid(25724)] i.z.t.d.p.embedded.EmbeddedPostgres      :  done
2026-07-18T02:14:50.091+08:00  INFO 29964 --- [hotel-ai-os-core-api] [gres:pid(25724)] i.z.t.d.p.embedded.EmbeddedPostgres      : server started
2026-07-18T02:14:50.160+08:00  INFO 29964 --- [hotel-ai-os-core-api] [           main] i.z.t.d.p.embedded.EmbeddedPostgres      : c1a0d8f5-d4a1-4f7d-8ec9-ddad57bf9754 postmaster startup finished in 00:00:00.578

  .   ____          _            __ _ _
 /\\ / ___'_ __ _ _(_)_ __  __ _ \ \ \ \
( ( )\___ | '_ | '_| | '_ \/ _` | \ \ \ \
 \\/  ___)| |_)| | | | | || (_| |  ) ) ) )
  '  |____| .__|_| |_|_| |_\__, | / / / /
 =========|_|==============|___/=/_/_/_/

 :: Spring Boot ::                (v3.5.3)

2026-07-18T02:14:50.249+08:00  INFO 29964 --- [hotel-ai-os-core-api] [           main] c.s.h.w.WorkPackageFlowIntegrationTest   : Starting WorkPackageFlowIntegrationTest using Java 21.0.11 with PID 29964 (started by MSN in C:\Users\MSN\Documents\四方馆AI中台项目\apps\core-api)
2026-07-18T02:14:50.249+08:00  INFO 29964 --- [hotel-ai-os-core-api] [           main] c.s.h.w.WorkPackageFlowIntegrationTest   : No active profile set, falling back to 1 default profile: "default"
2026-07-18T02:14:50.590+08:00  INFO 29964 --- [hotel-ai-os-core-api] [           main] org.flywaydb.core.FlywayExecutor         : Database: jdbc:postgresql://localhost:54578/postgres (PostgreSQL 14.22)
2026-07-18T02:14:50.602+08:00  INFO 29964 --- [hotel-ai-os-core-api] [           main] o.f.c.i.s.JdbcTableSchemaHistory         : Schema history table "public"."flyway_schema_history" does not exist yet
2026-07-18T02:14:50.603+08:00  INFO 29964 --- [hotel-ai-os-core-api] [           main] o.f.core.internal.command.DbValidate     : Successfully validated 13 migrations (execution time 00:00.007s)
2026-07-18T02:14:50.609+08:00  INFO 29964 --- [hotel-ai-os-core-api] [           main] o.f.c.i.s.JdbcTableSchemaHistory         : Creating Schema History table "public"."flyway_schema_history" ...
2026-07-18T02:14:50.695+08:00  INFO 29964 --- [hotel-ai-os-core-api] [           main] o.f.core.internal.command.DbMigrate      : Current version of schema "public": << Empty Schema >>
2026-07-18T02:14:50.700+08:00  INFO 29964 --- [hotel-ai-os-core-api] [           main] o.f.core.internal.command.DbMigrate      : Migrating schema "public" to version "1 - sprint1 foundation"
2026-07-18T02:14:50.852+08:00  INFO 29964 --- [hotel-ai-os-core-api] [           main] o.f.core.internal.command.DbMigrate      : Migrating schema "public" to version "2 - tenant row level security"
2026-07-18T02:14:50.864+08:00  INFO 29964 --- [hotel-ai-os-core-api] [           main] o.f.c.i.s.DefaultSqlScriptExecutor       : DB: 关系"brand"的策略"tenant_isolation"不存在，跳过
2026-07-18T02:14:50.864+08:00  INFO 29964 --- [hotel-ai-os-core-api] [           main] o.f.c.i.s.DefaultSqlScriptExecutor       : DB: 关系"org_unit"的策略"tenant_isolation"不存在，跳过
2026-07-18T02:14:50.864+08:00  INFO 29964 --- [hotel-ai-os-core-api] [           main] o.f.c.i.s.DefaultSqlScriptExecutor       : DB: 关系"org_unit_closure"的策略"tenant_isolation"不存在，跳过
2026-07-18T02:14:50.864+08:00  INFO 29964 --- [hotel-ai-os-core-api] [           main] o.f.c.i.s.DefaultSqlScriptExecutor       : DB: 关系"hotel_profile"的策略"tenant_isolation"不存在，跳过
2026-07-18T02:14:50.864+08:00  INFO 29964 --- [hotel-ai-os-core-api] [           main] o.f.c.i.s.DefaultSqlScriptExecutor       : DB: 关系"user_account"的策略"tenant_isolation"不存在，跳过
2026-07-18T02:14:50.864+08:00  INFO 29964 --- [hotel-ai-os-core-api] [           main] o.f.c.i.s.DefaultSqlScriptExecutor       : DB: 关系"employee"的策略"tenant_isolation"不存在，跳过
2026-07-18T02:14:50.864+08:00  INFO 29964 --- [hotel-ai-os-core-api] [           main] o.f.c.i.s.DefaultSqlScriptExecutor       : DB: 关系"position_definition"的策略"tenant_isolation"不存在，跳过
2026-07-18T02:14:50.864+08:00  INFO 29964 --- [hotel-ai-os-core-api] [           main] o.f.c.i.s.DefaultSqlScriptExecutor       : DB: 关系"employee_position_assignment"的策略"tenant_isolation"不存在，跳过
2026-07-18T02:14:50.864+08:00  INFO 29964 --- [hotel-ai-os-core-api] [           main] o.f.c.i.s.DefaultSqlScriptExecutor       : DB: 关系"app_role"的策略"tenant_isolation"不存在，跳过
2026-07-18T02:14:50.864+08:00  INFO 29964 --- [hotel-ai-os-core-api] [           main] o.f.c.i.s.DefaultSqlScriptExecutor       : DB: 关系"role_permission"的策略"tenant_isolation"不存在，跳过
2026-07-18T02:14:50.864+08:00  INFO 29964 --- [hotel-ai-os-core-api] [           main] o.f.c.i.s.DefaultSqlScriptExecutor       : DB: 关系"role_assignment"的策略"tenant_isolation"不存在，跳过
2026-07-18T02:14:50.864+08:00  INFO 29964 --- [hotel-ai-os-core-api] [           main] o.f.c.i.s.DefaultSqlScriptExecutor       : DB: 关系"standard_category"的策略"tenant_isolation"不存在，跳过
2026-07-18T02:14:50.864+08:00  INFO 29964 --- [hotel-ai-os-core-api] [           main] o.f.c.i.s.DefaultSqlScriptExecutor       : DB: 关系"standard_definition"的策略"tenant_isolation"不存在，跳过
2026-07-18T02:14:50.864+08:00  INFO 29964 --- [hotel-ai-os-core-api] [           main] o.f.c.i.s.DefaultSqlScriptExecutor       : DB: 关系"standard_version"的策略"tenant_isolation"不存在，跳过
2026-07-18T02:14:50.864+08:00  INFO 29964 --- [hotel-ai-os-core-api] [           main] o.f.c.i.s.DefaultSqlScriptExecutor       : DB: 关系"standard_scope"的策略"tenant_isolation"不存在，跳过
2026-07-18T02:14:50.864+08:00  INFO 29964 --- [hotel-ai-os-core-api] [           main] o.f.c.i.s.DefaultSqlScriptExecutor       : DB: 关系"form_definition"的策略"tenant_isolation"不存在，跳过
2026-07-18T02:14:50.864+08:00  INFO 29964 --- [hotel-ai-os-core-api] [           main] o.f.c.i.s.DefaultSqlScriptExecutor       : DB: 关系"form_version"的策略"tenant_isolation"不存在，跳过
2026-07-18T02:14:50.864+08:00  INFO 29964 --- [hotel-ai-os-core-api] [           main] o.f.c.i.s.DefaultSqlScriptExecutor       : DB: 关系"work_record"的策略"tenant_isolation"不存在，跳过
2026-07-18T02:14:50.864+08:00  INFO 29964 --- [hotel-ai-os-core-api] [           main] o.f.c.i.s.DefaultSqlScriptExecutor       : DB: 关系"attachment"的策略"tenant_isolation"不存在，跳过
2026-07-18T02:14:50.864+08:00  INFO 29964 --- [hotel-ai-os-core-api] [           main] o.f.c.i.s.DefaultSqlScriptExecutor       : DB: 关系"metric_definition"的策略"tenant_isolation"不存在，跳过
2026-07-18T02:14:50.864+08:00  INFO 29964 --- [hotel-ai-os-core-api] [           main] o.f.c.i.s.DefaultSqlScriptExecutor       : DB: 关系"metric_observation"的策略"tenant_isolation"不存在，跳过
2026-07-18T02:14:50.864+08:00  INFO 29964 --- [hotel-ai-os-core-api] [           main] o.f.c.i.s.DefaultSqlScriptExecutor       : DB: 关系"audit_log"的策略"tenant_isolation"不存在，跳过
2026-07-18T02:14:50.864+08:00  INFO 29964 --- [hotel-ai-os-core-api] [           main] o.f.c.i.s.DefaultSqlScriptExecutor       : DB: 关系"outbox_event"的策略"tenant_isolation"不存在，跳过
2026-07-18T02:14:50.871+08:00  INFO 29964 --- [hotel-ai-os-core-api] [           main] o.f.core.internal.command.DbMigrate      : Migrating schema "public" to version "3 - sprint1 demo seed"
2026-07-18T02:14:50.871+08:00  INFO 29964 --- [hotel-ai-os-core-api] [           main] o.f.c.i.s.DefaultSqlScriptExecutor       : +--------------------------------------+
| set_config                           |
+--------------------------------------+
| 10000000-0000-0000-0000-000000000001 |
+--------------------------------------+

2026-07-18T02:14:50.910+08:00  INFO 29964 --- [hotel-ai-os-core-api] [           main] o.f.core.internal.command.DbMigrate      : Migrating schema "public" to version "4 - grant runtime privileges"
2026-07-18T02:14:50.924+08:00  INFO 29964 --- [hotel-ai-os-core-api] [           main] o.f.core.internal.command.DbMigrate      : Migrating schema "public" to version "5 - sprint2 work packages and records"
2026-07-18T02:14:51.021+08:00  INFO 29964 --- [hotel-ai-os-core-api] [           main] o.f.core.internal.command.DbMigrate      : Migrating schema "public" to version "6 - sprint2 reliable events"
2026-07-18T02:14:51.054+08:00  INFO 29964 --- [hotel-ai-os-core-api] [           main] o.f.core.internal.command.DbMigrate      : Migrating schema "public" to version "7 - enterprise rule center"
2026-07-18T02:14:51.105+08:00  INFO 29964 --- [hotel-ai-os-core-api] [           main] o.f.core.internal.command.DbMigrate      : Migrating schema "public" to version "8 - management task center"
2026-07-18T02:14:51.160+08:00  INFO 29964 --- [hotel-ai-os-core-api] [           main] o.f.core.internal.command.DbMigrate      : Migrating schema "public" to version "9 - standard evaluation and notification"
2026-07-18T02:14:51.207+08:00  INFO 29964 --- [hotel-ai-os-core-api] [           main] o.f.core.internal.command.DbMigrate      : Migrating schema "public" to version "10 - sprint2 permissions and six role seed"
2026-07-18T02:14:51.207+08:00  INFO 29964 --- [hotel-ai-os-core-api] [           main] o.f.c.i.s.DefaultSqlScriptExecutor       : +--------------------------------------+
| set_config                           |
+--------------------------------------+
| 10000000-0000-0000-0000-000000000001 |
+--------------------------------------+

2026-07-18T02:14:51.219+08:00  INFO 29964 --- [hotel-ai-os-core-api] [           main] o.f.core.internal.command.DbMigrate      : Migrating schema "public" to version "11 - published standard and form immutability"
2026-07-18T02:14:51.225+08:00  INFO 29964 --- [hotel-ai-os-core-api] [           main] o.f.core.internal.command.DbMigrate      : Migrating schema "public" to version "12 - rule event reliability and immutability"
2026-07-18T02:14:51.236+08:00  INFO 29964 --- [hotel-ai-os-core-api] [           main] o.f.core.internal.command.DbMigrate      : Migrating schema "public" to version "13 - sprint2 1 regional dashboard permission"
2026-07-18T02:14:51.237+08:00  INFO 29964 --- [hotel-ai-os-core-api] [           main] o.f.c.i.s.DefaultSqlScriptExecutor       : +--------------------------------------+
| set_config                           |
+--------------------------------------+
| 10000000-0000-0000-0000-000000000001 |
+--------------------------------------+

2026-07-18T02:14:51.239+08:00  INFO 29964 --- [hotel-ai-os-core-api] [           main] o.f.core.internal.command.DbMigrate      : Successfully applied 13 migrations to schema "public", now at version v13 (execution time 00:00.469s)
2026-07-18T02:14:51.339+08:00  INFO 29964 --- [hotel-ai-os-core-api] [           main] o.s.b.a.e.web.EndpointLinksResolver      : Exposing 3 endpoints beneath base path '/actuator'
2026-07-18T02:14:51.380+08:00  INFO 29964 --- [hotel-ai-os-core-api] [           main] o.s.b.t.m.w.SpringBootMockServletContext : Initializing Spring TestDispatcherServlet ''
2026-07-18T02:14:51.380+08:00  INFO 29964 --- [hotel-ai-os-core-api] [           main] o.s.t.web.servlet.TestDispatcherServlet  : Initializing Servlet ''
2026-07-18T02:14:51.380+08:00  INFO 29964 --- [hotel-ai-os-core-api] [           main] o.s.t.web.servlet.TestDispatcherServlet  : Completed initialization in 0 ms
2026-07-18T02:14:51.387+08:00  INFO 29964 --- [hotel-ai-os-core-api] [           main] c.s.h.w.WorkPackageFlowIntegrationTest   : Started WorkPackageFlowIntegrationTest in 1.154 seconds (process running for 57.041)
2026-07-18T02:14:51.395+08:00  INFO 29964 --- [hotel-ai-os-core-api] [           main] com.zaxxer.hikari.HikariDataSource       : HikariPool-8 - Starting...
2026-07-18T02:14:51.477+08:00  INFO 29964 --- [hotel-ai-os-core-api] [           main] com.zaxxer.hikari.pool.HikariPool        : HikariPool-8 - Added connection org.postgresql.jdbc.PgConnection@715e518
2026-07-18T02:14:51.478+08:00  INFO 29964 --- [hotel-ai-os-core-api] [           main] com.zaxxer.hikari.HikariDataSource       : HikariPool-8 - Start completed.
]]></system-out>
  </testcase>
</testsuite>