<?xml version="1.0" encoding="UTF-8"?>
<testsuite xmlns:xsi="http://www.w3.org/2001/XMLSchema-instance" xsi:noNamespaceSchemaLocation="https://maven.apache.org/surefire/maven-surefire-plugin/xsd/surefire-test-report.xsd" version="3.0.2" name="cn.sifangguan.hotelaios.Sprint2RuleTaskIntegrationTest" time="5.892" tests="5" errors="0" skipped="0" failures="0">
  <properties>
[...]
</properties>
  <testcase name="automationAccountIsResolvedInsideEachTenant" classname="cn.sifangguan.hotelaios.Sprint2RuleTaskIntegrationTest" time="0.103">
    <system-out><![CDATA[2026-07-18T02:14:35.540+08:00  INFO 29964 --- [hotel-ai-os-core-api] [           main] t.c.s.AnnotationConfigContextLoaderUtils : Could not detect default configuration classes for test class [cn.sifangguan.hotelaios.Sprint2RuleTaskIntegrationTest]: Sprint2RuleTaskIntegrationTest does not declare any static, non-private, non-final, nested classes annotated with @Configuration.
2026-07-18T02:14:35.541+08:00  INFO 29964 --- [hotel-ai-os-core-api] [           main] .b.t.c.SpringBootTestContextBootstrapper : Found @SpringBootConfiguration cn.sifangguan.hotelaios.HotelAiOsApplication for test class cn.sifangguan.hotelaios.Sprint2RuleTaskIntegrationTest
2026-07-18T02:14:35.649+08:00  INFO 29964 --- [hotel-ai-os-core-api] [itdb:pid(31364)] i.z.t.d.p.embedded.EmbeddedPostgres      : The files belonging to this database system will be owned by user "MSN".
2026-07-18T02:14:35.650+08:00  INFO 29964 --- [hotel-ai-os-core-api] [itdb:pid(31364)] i.z.t.d.p.embedded.EmbeddedPostgres      : This user must also own the server process.
2026-07-18T02:14:35.650+08:00  INFO 29964 --- [hotel-ai-os-core-api] [itdb:pid(31364)] i.z.t.d.p.embedded.EmbeddedPostgres      : 
2026-07-18T02:14:35.651+08:00  INFO 29964 --- [hotel-ai-os-core-api] [itdb:pid(31364)] i.z.t.d.p.embedded.EmbeddedPostgres      : The database cluster will be initialized with locale "Chinese (Simplified)_China.936".
2026-07-18T02:14:35.651+08:00  INFO 29964 --- [hotel-ai-os-core-api] [itdb:pid(31364)] i.z.t.d.p.embedded.EmbeddedPostgres      : initdb: could not find suitable text search configuration for locale "Chinese (Simplified)_China.936"
2026-07-18T02:14:35.651+08:00  INFO 29964 --- [hotel-ai-os-core-api] [itdb:pid(31364)] i.z.t.d.p.embedded.EmbeddedPostgres      : The default text search configuration will be set to "simple".
2026-07-18T02:14:35.651+08:00  INFO 29964 --- [hotel-ai-os-core-api] [itdb:pid(31364)] i.z.t.d.p.embedded.EmbeddedPostgres      : 
2026-07-18T02:14:35.651+08:00  INFO 29964 --- [hotel-ai-os-core-api] [itdb:pid(31364)] i.z.t.d.p.embedded.EmbeddedPostgres      : Data page checksums are disabled.
2026-07-18T02:14:35.651+08:00  INFO 29964 --- [hotel-ai-os-core-api] [itdb:pid(31364)] i.z.t.d.p.embedded.EmbeddedPostgres      : 
2026-07-18T02:14:35.651+08:00  INFO 29964 --- [hotel-ai-os-core-api] [itdb:pid(31364)] i.z.t.d.p.embedded.EmbeddedPostgres      : fixing permissions on existing directory C:/Users/MSN/AppData/Local/Temp/epg1632332500169027909 ... ok
2026-07-18T02:14:35.741+08:00  INFO 29964 --- [hotel-ai-os-core-api] [itdb:pid(31364)] i.z.t.d.p.embedded.EmbeddedPostgres      : creating subdirectories ... ok
2026-07-18T02:14:35.741+08:00  INFO 29964 --- [hotel-ai-os-core-api] [itdb:pid(31364)] i.z.t.d.p.embedded.EmbeddedPostgres      : selecting dynamic shared memory implementation ... windows
2026-07-18T02:14:35.805+08:00  INFO 29964 --- [hotel-ai-os-core-api] [itdb:pid(31364)] i.z.t.d.p.embedded.EmbeddedPostgres      : selecting default max_connections ... 100
2026-07-18T02:14:35.868+08:00  INFO 29964 --- [hotel-ai-os-core-api] [itdb:pid(31364)] i.z.t.d.p.embedded.EmbeddedPostgres      : selecting default shared_buffers ... 128MB
2026-07-18T02:14:35.870+08:00  INFO 29964 --- [hotel-ai-os-core-api] [itdb:pid(31364)] i.z.t.d.p.embedded.EmbeddedPostgres      : selecting default time zone ... Asia/Shanghai
2026-07-18T02:14:35.874+08:00  INFO 29964 --- [hotel-ai-os-core-api] [itdb:pid(31364)] i.z.t.d.p.embedded.EmbeddedPostgres      : creating configuration files ... ok
2026-07-18T02:14:36.277+08:00  INFO 29964 --- [hotel-ai-os-core-api] [itdb:pid(31364)] i.z.t.d.p.embedded.EmbeddedPostgres      : running bootstrap script ... ok
2026-07-18T02:14:37.226+08:00  INFO 29964 --- [hotel-ai-os-core-api] [itdb:pid(31364)] i.z.t.d.p.embedded.EmbeddedPostgres      : performing post-bootstrap initialization ... ok
2026-07-18T02:14:38.155+08:00  INFO 29964 --- [hotel-ai-os-core-api] [itdb:pid(31364)] i.z.t.d.p.embedded.EmbeddedPostgres      : syncing data to disk ... ok
2026-07-18T02:14:38.155+08:00  INFO 29964 --- [hotel-ai-os-core-api] [itdb:pid(31364)] i.z.t.d.p.embedded.EmbeddedPostgres      : 
2026-07-18T02:14:38.155+08:00  INFO 29964 --- [hotel-ai-os-core-api] [itdb:pid(31364)] i.z.t.d.p.embedded.EmbeddedPostgres      : Success. You can now start the database server using:
2026-07-18T02:14:38.155+08:00  INFO 29964 --- [hotel-ai-os-core-api] [itdb:pid(31364)] i.z.t.d.p.embedded.EmbeddedPostgres      : 
2026-07-18T02:14:38.155+08:00  INFO 29964 --- [hotel-ai-os-core-api] [itdb:pid(31364)] i.z.t.d.p.embedded.EmbeddedPostgres      :     ^"C^:^\Users^\MSN^\AppData^\Local^\Temp^\embedded^-pg^\PG^-3942d5a1dcdbfebc27772e9e670d5d85^\bin^\pg^_ctl^" -D ^"C^:^\Users^\MSN^\AppData^\Local^\Temp^\epg1632332500169027909^" -l logfile start
2026-07-18T02:14:38.155+08:00  INFO 29964 --- [hotel-ai-os-core-api] [itdb:pid(31364)] i.z.t.d.p.embedded.EmbeddedPostgres      : 
2026-07-18T02:14:38.161+08:00  INFO 29964 --- [hotel-ai-os-core-api] [           main] i.z.t.d.p.embedded.EmbeddedPostgres      : 67a32e20-e61b-4999-a021-63fb250e7976 initdb completed in 00:00:02.616
2026-07-18T02:14:38.166+08:00  INFO 29964 --- [hotel-ai-os-core-api] [           main] i.z.t.d.p.embedded.EmbeddedPostgres      : 67a32e20-e61b-4999-a021-63fb250e7976 postmaster started as Process[pid=1640, exitValue="not exited"] on port 62937.  Waiting up to PT10S for server startup to finish.
2026-07-18T02:14:38.399+08:00  INFO 29964 --- [hotel-ai-os-core-api] [tgres:pid(1640)] i.z.t.d.p.embedded.EmbeddedPostgres      : waiting for server to start....2026-07-18 02:14:38.399 CST [14812] ��־:  �������� PostgreSQL 14.22, compiled by Visual C++ build 1944, 64-bit
2026-07-18T02:14:38.403+08:00  INFO 29964 --- [hotel-ai-os-core-api] [tgres:pid(1640)] i.z.t.d.p.embedded.EmbeddedPostgres      : 2026-07-18 02:14:38.404 CST [14812] ��־:  ���ڼ���IPv6��ַ"::1"���˿� 62937
2026-07-18T02:14:38.403+08:00  INFO 29964 --- [hotel-ai-os-core-api] [tgres:pid(1640)] i.z.t.d.p.embedded.EmbeddedPostgres      : 2026-07-18 02:14:38.404 CST [14812] ��־:  ���ڼ���IPv4��ַ"127.0.0.1"���˿� 62937
2026-07-18T02:14:38.481+08:00  INFO 29964 --- [hotel-ai-os-core-api] [tgres:pid(1640)] i.z.t.d.p.embedded.EmbeddedPostgres      : 2026-07-18 02:14:38.481 CST [25472] ��־:  ���ݿ��ϴιر�ʱ��Ϊ 2026-07-18 02:14:37 CST
2026-07-18T02:14:38.647+08:00  INFO 29964 --- [hotel-ai-os-core-api] [tgres:pid(1640)] i.z.t.d.p.embedded.EmbeddedPostgres      : 2026-07-18 02:14:38.647 CST [14812] ��־:  ���ݿ�ϵͳ׼����������
2026-07-18T02:14:38.687+08:00  INFO 29964 --- [hotel-ai-os-core-api] [tgres:pid(1640)] i.z.t.d.p.embedded.EmbeddedPostgres      :  done
2026-07-18T02:14:38.687+08:00  INFO 29964 --- [hotel-ai-os-core-api] [tgres:pid(1640)] i.z.t.d.p.embedded.EmbeddedPostgres      : server started
2026-07-18T02:14:38.749+08:00  INFO 29964 --- [hotel-ai-os-core-api] [           main] i.z.t.d.p.embedded.EmbeddedPostgres      : 67a32e20-e61b-4999-a021-63fb250e7976 postmaster startup finished in 00:00:00.587

  .   ____          _            __ _ _
 /\\ / ___'_ __ _ _(_)_ __  __ _ \ \ \ \
( ( )\___ | '_ | '_| | '_ \/ _` | \ \ \ \
 \\/  ___)| |_)| | | | | || (_| |  ) ) ) )
  '  |____| .__|_| |_|_| |_\__, | / / / /
 =========|_|==============|___/=/_/_/_/

 :: Spring Boot ::                (v3.5.3)

2026-07-18T02:14:38.843+08:00  INFO 29964 --- [hotel-ai-os-core-api] [           main] c.s.h.Sprint2RuleTaskIntegrationTest     : Starting Sprint2RuleTaskIntegrationTest using Java 21.0.11 with PID 29964 (started by MSN in C:\Users\MSN\Documents\四方馆AI中台项目\apps\core-api)
2026-07-18T02:14:38.843+08:00  INFO 29964 --- [hotel-ai-os-core-api] [           main] c.s.h.Sprint2RuleTaskIntegrationTest     : No active profile set, falling back to 1 default profile: "default"
2026-07-18T02:14:39.202+08:00  INFO 29964 --- [hotel-ai-os-core-api] [           main] org.flywaydb.core.FlywayExecutor         : Database: jdbc:postgresql://localhost:62937/postgres (PostgreSQL 14.22)
2026-07-18T02:14:39.217+08:00  INFO 29964 --- [hotel-ai-os-core-api] [           main] o.f.c.i.s.JdbcTableSchemaHistory         : Schema history table "public"."flyway_schema_history" does not exist yet
2026-07-18T02:14:39.217+08:00  INFO 29964 --- [hotel-ai-os-core-api] [           main] o.f.core.internal.command.DbValidate     : Successfully validated 13 migrations (execution time 00:00.008s)
2026-07-18T02:14:39.223+08:00  INFO 29964 --- [hotel-ai-os-core-api] [           main] o.f.c.i.s.JdbcTableSchemaHistory         : Creating Schema History table "public"."flyway_schema_history" ...
2026-07-18T02:14:39.319+08:00  INFO 29964 --- [hotel-ai-os-core-api] [           main] o.f.core.internal.command.DbMigrate      : Current version of schema "public": << Empty Schema >>
2026-07-18T02:14:39.323+08:00  INFO 29964 --- [hotel-ai-os-core-api] [           main] o.f.core.internal.command.DbMigrate      : Migrating schema "public" to version "1 - sprint1 foundation"
2026-07-18T02:14:39.489+08:00  INFO 29964 --- [hotel-ai-os-core-api] [           main] o.f.core.internal.command.DbMigrate      : Migrating schema "public" to version "2 - tenant row level security"
2026-07-18T02:14:39.503+08:00  INFO 29964 --- [hotel-ai-os-core-api] [           main] o.f.c.i.s.DefaultSqlScriptExecutor       : DB: 关系"brand"的策略"tenant_isolation"不存在，跳过
2026-07-18T02:14:39.503+08:00  INFO 29964 --- [hotel-ai-os-core-api] [           main] o.f.c.i.s.DefaultSqlScriptExecutor       : DB: 关系"org_unit"的策略"tenant_isolation"不存在，跳过
2026-07-18T02:14:39.503+08:00  INFO 29964 --- [hotel-ai-os-core-api] [           main] o.f.c.i.s.DefaultSqlScriptExecutor       : DB: 关系"org_unit_closure"的策略"tenant_isolation"不存在，跳过
2026-07-18T02:14:39.503+08:00  INFO 29964 --- [hotel-ai-os-core-api] [           main] o.f.c.i.s.DefaultSqlScriptExecutor       : DB: 关系"hotel_profile"的策略"tenant_isolation"不存在，跳过
2026-07-18T02:14:39.503+08:00  INFO 29964 --- [hotel-ai-os-core-api] [           main] o.f.c.i.s.DefaultSqlScriptExecutor       : DB: 关系"user_account"的策略"tenant_isolation"不存在，跳过
2026-07-18T02:14:39.503+08:00  INFO 29964 --- [hotel-ai-os-core-api] [           main] o.f.c.i.s.DefaultSqlScriptExecutor       : DB: 关系"employee"的策略"tenant_isolation"不存在，跳过
2026-07-18T02:14:39.503+08:00  INFO 29964 --- [hotel-ai-os-core-api] [           main] o.f.c.i.s.DefaultSqlScriptExecutor       : DB: 关系"position_definition"的策略"tenant_isolation"不存在，跳过
2026-07-18T02:14:39.503+08:00  INFO 29964 --- [hotel-ai-os-core-api] [           main] o.f.c.i.s.DefaultSqlScriptExecutor       : DB: 关系"employee_position_assignment"的策略"tenant_isolation"不存在，跳过
2026-07-18T02:14:39.503+08:00  INFO 29964 --- [hotel-ai-os-core-api] [           main] o.f.c.i.s.DefaultSqlScriptExecutor       : DB: 关系"app_role"的策略"tenant_isolation"不存在，跳过
2026-07-18T02:14:39.503+08:00  INFO 29964 --- [hotel-ai-os-core-api] [           main] o.f.c.i.s.DefaultSqlScriptExecutor       : DB: 关系"role_permission"的策略"tenant_isolation"不存在，跳过
2026-07-18T02:14:39.503+08:00  INFO 29964 --- [hotel-ai-os-core-api] [           main] o.f.c.i.s.DefaultSqlScriptExecutor       : DB: 关系"role_assignment"的策略"tenant_isolation"不存在，跳过
2026-07-18T02:14:39.503+08:00  INFO 29964 --- [hotel-ai-os-core-api] [           main] o.f.c.i.s.DefaultSqlScriptExecutor       : DB: 关系"standard_category"的策略"tenant_isolation"不存在，跳过
2026-07-18T02:14:39.503+08:00  INFO 29964 --- [hotel-ai-os-core-api] [           main] o.f.c.i.s.DefaultSqlScriptExecutor       : DB: 关系"standard_definition"的策略"tenant_isolation"不存在，跳过
2026-07-18T02:14:39.503+08:00  INFO 29964 --- [hotel-ai-os-core-api] [           main] o.f.c.i.s.DefaultSqlScriptExecutor       : DB: 关系"standard_version"的策略"tenant_isolation"不存在，跳过
2026-07-18T02:14:39.503+08:00  INFO 29964 --- [hotel-ai-os-core-api] [           main] o.f.c.i.s.DefaultSqlScriptExecutor       : DB: 关系"standard_scope"的策略"tenant_isolation"不存在，跳过
2026-07-18T02:14:39.503+08:00  INFO 29964 --- [hotel-ai-os-core-api] [           main] o.f.c.i.s.DefaultSqlScriptExecutor       : DB: 关系"form_definition"的策略"tenant_isolation"不存在，跳过
2026-07-18T02:14:39.503+08:00  INFO 29964 --- [hotel-ai-os-core-api] [           main] o.f.c.i.s.DefaultSqlScriptExecutor       : DB: 关系"form_version"的策略"tenant_isolation"不存在，跳过
2026-07-18T02:14:39.503+08:00  INFO 29964 --- [hotel-ai-os-core-api] [           main] o.f.c.i.s.DefaultSqlScriptExecutor       : DB: 关系"work_record"的策略"tenant_isolation"不存在，跳过
2026-07-18T02:14:39.503+08:00  INFO 29964 --- [hotel-ai-os-core-api] [           main] o.f.c.i.s.DefaultSqlScriptExecutor       : DB: 关系"attachment"的策略"tenant_isolation"不存在，跳过
2026-07-18T02:14:39.503+08:00  INFO 29964 --- [hotel-ai-os-core-api] [           main] o.f.c.i.s.DefaultSqlScriptExecutor       : DB: 关系"metric_definition"的策略"tenant_isolation"不存在，跳过
2026-07-18T02:14:39.503+08:00  INFO 29964 --- [hotel-ai-os-core-api] [           main] o.f.c.i.s.DefaultSqlScriptExecutor       : DB: 关系"metric_observation"的策略"tenant_isolation"不存在，跳过
2026-07-18T02:14:39.503+08:00  INFO 29964 --- [hotel-ai-os-core-api] [           main] o.f.c.i.s.DefaultSqlScriptExecutor       : DB: 关系"audit_log"的策略"tenant_isolation"不存在，跳过
2026-07-18T02:14:39.503+08:00  INFO 29964 --- [hotel-ai-os-core-api] [           main] o.f.c.i.s.DefaultSqlScriptExecutor       : DB: 关系"outbox_event"的策略"tenant_isolation"不存在，跳过
2026-07-18T02:14:39.513+08:00  INFO 29964 --- [hotel-ai-os-core-api] [           main] o.f.core.internal.command.DbMigrate      : Migrating schema "public" to version "3 - sprint1 demo seed"
2026-07-18T02:14:39.514+08:00  INFO 29964 --- [hotel-ai-os-core-api] [           main] o.f.c.i.s.DefaultSqlScriptExecutor       : +--------------------------------------+
| set_config                           |
+--------------------------------------+
| 10000000-0000-0000-0000-000000000001 |
+--------------------------------------+

2026-07-18T02:14:39.569+08:00  INFO 29964 --- [hotel-ai-os-core-api] [           main] o.f.core.internal.command.DbMigrate      : Migrating schema "public" to version "4 - grant runtime privileges"
2026-07-18T02:14:39.580+08:00  INFO 29964 --- [hotel-ai-os-core-api] [           main] o.f.core.internal.command.DbMigrate      : Migrating schema "public" to version "5 - sprint2 work packages and records"
2026-07-18T02:14:39.685+08:00  INFO 29964 --- [hotel-ai-os-core-api] [           main] o.f.core.internal.command.DbMigrate      : Migrating schema "public" to version "6 - sprint2 reliable events"
2026-07-18T02:14:39.724+08:00  INFO 29964 --- [hotel-ai-os-core-api] [           main] o.f.core.internal.command.DbMigrate      : Migrating schema "public" to version "7 - enterprise rule center"
2026-07-18T02:14:39.780+08:00  INFO 29964 --- [hotel-ai-os-core-api] [           main] o.f.core.internal.command.DbMigrate      : Migrating schema "public" to version "8 - management task center"
2026-07-18T02:14:39.837+08:00  INFO 29964 --- [hotel-ai-os-core-api] [           main] o.f.core.internal.command.DbMigrate      : Migrating schema "public" to version "9 - standard evaluation and notification"
2026-07-18T02:14:39.887+08:00  INFO 29964 --- [hotel-ai-os-core-api] [           main] o.f.core.internal.command.DbMigrate      : Migrating schema "public" to version "10 - sprint2 permissions and six role seed"
2026-07-18T02:14:39.888+08:00  INFO 29964 --- [hotel-ai-os-core-api] [           main] o.f.c.i.s.DefaultSqlScriptExecutor       : +--------------------------------------+
| set_config                           |
+--------------------------------------+
| 10000000-0000-0000-0000-000000000001 |
+--------------------------------------+

2026-07-18T02:14:39.900+08:00  INFO 29964 --- [hotel-ai-os-core-api] [           main] o.f.core.internal.command.DbMigrate      : Migrating schema "public" to version "11 - published standard and form immutability"
2026-07-18T02:14:39.906+08:00  INFO 29964 --- [hotel-ai-os-core-api] [           main] o.f.core.internal.command.DbMigrate      : Migrating schema "public" to version "12 - rule event reliability and immutability"
2026-07-18T02:14:39.917+08:00  INFO 29964 --- [hotel-ai-os-core-api] [           main] o.f.core.internal.command.DbMigrate      : Migrating schema "public" to version "13 - sprint2 1 regional dashboard permission"
2026-07-18T02:14:39.917+08:00  INFO 29964 --- [hotel-ai-os-core-api] [           main] o.f.c.i.s.DefaultSqlScriptExecutor       : +--------------------------------------+
| set_config                           |
+--------------------------------------+
| 10000000-0000-0000-0000-000000000001 |
+--------------------------------------+

2026-07-18T02:14:39.920+08:00  INFO 29964 --- [hotel-ai-os-core-api] [           main] o.f.core.internal.command.DbMigrate      : Successfully applied 13 migrations to schema "public", now at version v13 (execution time 00:00.522s)
2026-07-18T02:14:40.021+08:00  INFO 29964 --- [hotel-ai-os-core-api] [           main] o.s.b.a.e.web.EndpointLinksResolver      : Exposing 3 endpoints beneath base path '/actuator'
2026-07-18T02:14:40.054+08:00  INFO 29964 --- [hotel-ai-os-core-api] [           main] o.s.b.t.m.w.SpringBootMockServletContext : Initializing Spring TestDispatcherServlet ''
2026-07-18T02:14:40.054+08:00  INFO 29964 --- [hotel-ai-os-core-api] [           main] o.s.t.web.servlet.TestDispatcherServlet  : Initializing Servlet ''
2026-07-18T02:14:40.054+08:00  INFO 29964 --- [hotel-ai-os-core-api] [           main] o.s.t.web.servlet.TestDispatcherServlet  : Completed initialization in 0 ms
2026-07-18T02:14:40.061+08:00  INFO 29964 --- [hotel-ai-os-core-api] [           main] c.s.h.Sprint2RuleTaskIntegrationTest     : Started Sprint2RuleTaskIntegrationTest in 1.238 seconds (process running for 45.714)
2026-07-18T02:14:40.065+08:00  INFO 29964 --- [hotel-ai-os-core-api] [           main] com.zaxxer.hikari.HikariDataSource       : HikariPool-6 - Starting...
2026-07-18T02:14:40.138+08:00  INFO 29964 --- [hotel-ai-os-core-api] [           main] com.zaxxer.hikari.pool.HikariPool        : HikariPool-6 - Added connection org.postgresql.jdbc.PgConnection@6969e079
2026-07-18T02:14:40.138+08:00  INFO 29964 --- [hotel-ai-os-core-api] [           main] com.zaxxer.hikari.HikariDataSource       : HikariPool-6 - Start completed.
]]></system-out>
  </testcase>
  <testcase name="simulatesAndConsumesRuleExactlyOnce" classname="cn.sifangguan.hotelaios.Sprint2RuleTaskIntegrationTest" time="0.192"/>
  <testcase name="failedRuleActionKeepsEventFailedAndRecoveryRetriesExistingAction" classname="cn.sifangguan.hotelaios.Sprint2RuleTaskIntegrationTest" time="0.074"/>
  <testcase name="closesTaskWithExactAssignmentsEvaluationAndOptimisticVersion" classname="cn.sifangguan.hotelaios.Sprint2RuleTaskIntegrationTest" time="0.148"/>
  <testcase name="camelCaseAuditOutboxEventMatchesCanonicalRuleType" classname="cn.sifangguan.hotelaios.Sprint2RuleTaskIntegrationTest" time="0.044"/>
</testsuite>