<?xml version="1.0" encoding="UTF-8"?>
<testsuite xmlns:xsi="http://www.w3.org/2001/XMLSchema-instance" xsi:noNamespaceSchemaLocation="https://maven.apache.org/surefire/maven-surefire-plugin/xsd/surefire-test-report.xsd" version="3.0.2" name="cn.sifangguan.hotelaios.shared.security.PostgresMigrationIntegrationTest" time="4.672" tests="1" errors="0" skipped="0" failures="0">
  <properties>
[...]
</properties>
  <testcase name="migrationsApplyAndRuntimeRoleIsTenantIsolated" classname="cn.sifangguan.hotelaios.shared.security.PostgresMigrationIntegrationTest" time="4.672">
    <system-out><![CDATA[2026-07-18T02:14:12.522+08:00  INFO 29964 --- [hotel-ai-os-core-api] [itdb:pid(18816)] i.z.t.d.p.embedded.EmbeddedPostgres      : The files belonging to this database system will be owned by user "MSN".
2026-07-18T02:14:12.522+08:00  INFO 29964 --- [hotel-ai-os-core-api] [itdb:pid(18816)] i.z.t.d.p.embedded.EmbeddedPostgres      : This user must also own the server process.
2026-07-18T02:14:12.522+08:00  INFO 29964 --- [hotel-ai-os-core-api] [itdb:pid(18816)] i.z.t.d.p.embedded.EmbeddedPostgres      : 
2026-07-18T02:14:12.523+08:00  INFO 29964 --- [hotel-ai-os-core-api] [itdb:pid(18816)] i.z.t.d.p.embedded.EmbeddedPostgres      : The database cluster will be initialized with locale "Chinese (Simplified)_China.936".
2026-07-18T02:14:12.523+08:00  INFO 29964 --- [hotel-ai-os-core-api] [itdb:pid(18816)] i.z.t.d.p.embedded.EmbeddedPostgres      : initdb: could not find suitable text search configuration for locale "Chinese (Simplified)_China.936"
2026-07-18T02:14:12.523+08:00  INFO 29964 --- [hotel-ai-os-core-api] [itdb:pid(18816)] i.z.t.d.p.embedded.EmbeddedPostgres      : The default text search configuration will be set to "simple".
2026-07-18T02:14:12.523+08:00  INFO 29964 --- [hotel-ai-os-core-api] [itdb:pid(18816)] i.z.t.d.p.embedded.EmbeddedPostgres      : 
2026-07-18T02:14:12.523+08:00  INFO 29964 --- [hotel-ai-os-core-api] [itdb:pid(18816)] i.z.t.d.p.embedded.EmbeddedPostgres      : Data page checksums are disabled.
2026-07-18T02:14:12.523+08:00  INFO 29964 --- [hotel-ai-os-core-api] [itdb:pid(18816)] i.z.t.d.p.embedded.EmbeddedPostgres      : 
2026-07-18T02:14:12.523+08:00  INFO 29964 --- [hotel-ai-os-core-api] [itdb:pid(18816)] i.z.t.d.p.embedded.EmbeddedPostgres      : fixing permissions on existing directory C:/Users/MSN/AppData/Local/Temp/epg14292116099049570900 ... ok
2026-07-18T02:14:12.528+08:00  INFO 29964 --- [hotel-ai-os-core-api] [itdb:pid(18816)] i.z.t.d.p.embedded.EmbeddedPostgres      : creating subdirectories ... ok
2026-07-18T02:14:12.528+08:00  INFO 29964 --- [hotel-ai-os-core-api] [itdb:pid(18816)] i.z.t.d.p.embedded.EmbeddedPostgres      : selecting dynamic shared memory implementation ... windows
2026-07-18T02:14:12.587+08:00  INFO 29964 --- [hotel-ai-os-core-api] [itdb:pid(18816)] i.z.t.d.p.embedded.EmbeddedPostgres      : selecting default max_connections ... 100
2026-07-18T02:14:12.648+08:00  INFO 29964 --- [hotel-ai-os-core-api] [itdb:pid(18816)] i.z.t.d.p.embedded.EmbeddedPostgres      : selecting default shared_buffers ... 128MB
2026-07-18T02:14:12.649+08:00  INFO 29964 --- [hotel-ai-os-core-api] [itdb:pid(18816)] i.z.t.d.p.embedded.EmbeddedPostgres      : selecting default time zone ... Asia/Shanghai
2026-07-18T02:14:12.654+08:00  INFO 29964 --- [hotel-ai-os-core-api] [itdb:pid(18816)] i.z.t.d.p.embedded.EmbeddedPostgres      : creating configuration files ... ok
2026-07-18T02:14:13.053+08:00  INFO 29964 --- [hotel-ai-os-core-api] [itdb:pid(18816)] i.z.t.d.p.embedded.EmbeddedPostgres      : running bootstrap script ... ok
2026-07-18T02:14:13.938+08:00  INFO 29964 --- [hotel-ai-os-core-api] [itdb:pid(18816)] i.z.t.d.p.embedded.EmbeddedPostgres      : performing post-bootstrap initialization ... ok
2026-07-18T02:14:14.837+08:00  INFO 29964 --- [hotel-ai-os-core-api] [itdb:pid(18816)] i.z.t.d.p.embedded.EmbeddedPostgres      : syncing data to disk ... ok
2026-07-18T02:14:14.837+08:00  INFO 29964 --- [hotel-ai-os-core-api] [itdb:pid(18816)] i.z.t.d.p.embedded.EmbeddedPostgres      : 
2026-07-18T02:14:14.838+08:00  INFO 29964 --- [hotel-ai-os-core-api] [itdb:pid(18816)] i.z.t.d.p.embedded.EmbeddedPostgres      : Success. You can now start the database server using:
2026-07-18T02:14:14.838+08:00  INFO 29964 --- [hotel-ai-os-core-api] [itdb:pid(18816)] i.z.t.d.p.embedded.EmbeddedPostgres      : 
2026-07-18T02:14:14.838+08:00  INFO 29964 --- [hotel-ai-os-core-api] [itdb:pid(18816)] i.z.t.d.p.embedded.EmbeddedPostgres      :     ^"C^:^\Users^\MSN^\AppData^\Local^\Temp^\embedded^-pg^\PG^-3942d5a1dcdbfebc27772e9e670d5d85^\bin^\pg^_ctl^" -D ^"C^:^\Users^\MSN^\AppData^\Local^\Temp^\epg14292116099049570900^" -l logfile start
2026-07-18T02:14:14.838+08:00  INFO 29964 --- [hotel-ai-os-core-api] [itdb:pid(18816)] i.z.t.d.p.embedded.EmbeddedPostgres      : 
2026-07-18T02:14:14.842+08:00  INFO 29964 --- [hotel-ai-os-core-api] [           main] i.z.t.d.p.embedded.EmbeddedPostgres      : 26a85067-c318-4f98-bcae-937d1617adef initdb completed in 00:00:02.419
2026-07-18T02:14:14.846+08:00  INFO 29964 --- [hotel-ai-os-core-api] [           main] i.z.t.d.p.embedded.EmbeddedPostgres      : 26a85067-c318-4f98-bcae-937d1617adef postmaster started as Process[pid=19404, exitValue="not exited"] on port 61842.  Waiting up to PT10S for server startup to finish.
2026-07-18T02:14:15.062+08:00  INFO 29964 --- [hotel-ai-os-core-api] [gres:pid(19404)] i.z.t.d.p.embedded.EmbeddedPostgres      : waiting for server to start....2026-07-18 02:14:15.062 CST [31468] ��־:  �������� PostgreSQL 14.22, compiled by Visual C++ build 1944, 64-bit
2026-07-18T02:14:15.067+08:00  INFO 29964 --- [hotel-ai-os-core-api] [gres:pid(19404)] i.z.t.d.p.embedded.EmbeddedPostgres      : 2026-07-18 02:14:15.067 CST [31468] ��־:  ���ڼ���IPv6��ַ"::1"���˿� 61842
2026-07-18T02:14:15.067+08:00  INFO 29964 --- [hotel-ai-os-core-api] [gres:pid(19404)] i.z.t.d.p.embedded.EmbeddedPostgres      : 2026-07-18 02:14:15.067 CST [31468] ��־:  ���ڼ���IPv4��ַ"127.0.0.1"���˿� 61842
2026-07-18T02:14:15.136+08:00  INFO 29964 --- [hotel-ai-os-core-api] [gres:pid(19404)] i.z.t.d.p.embedded.EmbeddedPostgres      : 2026-07-18 02:14:15.137 CST [22872] ��־:  ���ݿ��ϴιر�ʱ��Ϊ 2026-07-18 02:14:13 CST
2026-07-18T02:14:15.299+08:00  INFO 29964 --- [hotel-ai-os-core-api] [gres:pid(19404)] i.z.t.d.p.embedded.EmbeddedPostgres      : 2026-07-18 02:14:15.299 CST [31468] ��־:  ���ݿ�ϵͳ׼����������
2026-07-18T02:14:15.352+08:00  INFO 29964 --- [hotel-ai-os-core-api] [gres:pid(19404)] i.z.t.d.p.embedded.EmbeddedPostgres      :  done
2026-07-18T02:14:15.352+08:00  INFO 29964 --- [hotel-ai-os-core-api] [gres:pid(19404)] i.z.t.d.p.embedded.EmbeddedPostgres      : server started
2026-07-18T02:14:15.403+08:00  INFO 29964 --- [hotel-ai-os-core-api] [           main] i.z.t.d.p.embedded.EmbeddedPostgres      : 26a85067-c318-4f98-bcae-937d1617adef postmaster startup finished in 00:00:00.559
2026-07-18T02:14:15.563+08:00  INFO 29964 --- [hotel-ai-os-core-api] [           main] org.flywaydb.core.FlywayExecutor         : Database: jdbc:postgresql://localhost:61842/postgres (PostgreSQL 14.22)
2026-07-18T02:14:15.578+08:00  INFO 29964 --- [hotel-ai-os-core-api] [           main] o.f.c.i.s.JdbcTableSchemaHistory         : Schema history table "public"."flyway_schema_history" does not exist yet
2026-07-18T02:14:15.578+08:00  INFO 29964 --- [hotel-ai-os-core-api] [           main] o.f.core.internal.command.DbValidate     : Successfully validated 13 migrations (execution time 00:00.007s)
2026-07-18T02:14:15.583+08:00  INFO 29964 --- [hotel-ai-os-core-api] [           main] o.f.c.i.s.JdbcTableSchemaHistory         : Creating Schema History table "public"."flyway_schema_history" ...
2026-07-18T02:14:15.667+08:00  INFO 29964 --- [hotel-ai-os-core-api] [           main] o.f.core.internal.command.DbMigrate      : Current version of schema "public": << Empty Schema >>
2026-07-18T02:14:15.672+08:00  INFO 29964 --- [hotel-ai-os-core-api] [           main] o.f.core.internal.command.DbMigrate      : Migrating schema "public" to version "1 - sprint1 foundation"
2026-07-18T02:14:15.835+08:00  INFO 29964 --- [hotel-ai-os-core-api] [           main] o.f.core.internal.command.DbMigrate      : Migrating schema "public" to version "2 - tenant row level security"
2026-07-18T02:14:15.846+08:00  INFO 29964 --- [hotel-ai-os-core-api] [           main] o.f.c.i.s.DefaultSqlScriptExecutor       : DB: 关系"brand"的策略"tenant_isolation"不存在，跳过
2026-07-18T02:14:15.846+08:00  INFO 29964 --- [hotel-ai-os-core-api] [           main] o.f.c.i.s.DefaultSqlScriptExecutor       : DB: 关系"org_unit"的策略"tenant_isolation"不存在，跳过
2026-07-18T02:14:15.846+08:00  INFO 29964 --- [hotel-ai-os-core-api] [           main] o.f.c.i.s.DefaultSqlScriptExecutor       : DB: 关系"org_unit_closure"的策略"tenant_isolation"不存在，跳过
2026-07-18T02:14:15.846+08:00  INFO 29964 --- [hotel-ai-os-core-api] [           main] o.f.c.i.s.DefaultSqlScriptExecutor       : DB: 关系"hotel_profile"的策略"tenant_isolation"不存在，跳过
2026-07-18T02:14:15.846+08:00  INFO 29964 --- [hotel-ai-os-core-api] [           main] o.f.c.i.s.DefaultSqlScriptExecutor       : DB: 关系"user_account"的策略"tenant_isolation"不存在，跳过
2026-07-18T02:14:15.846+08:00  INFO 29964 --- [hotel-ai-os-core-api] [           main] o.f.c.i.s.DefaultSqlScriptExecutor       : DB: 关系"employee"的策略"tenant_isolation"不存在，跳过
2026-07-18T02:14:15.846+08:00  INFO 29964 --- [hotel-ai-os-core-api] [           main] o.f.c.i.s.DefaultSqlScriptExecutor       : DB: 关系"position_definition"的策略"tenant_isolation"不存在，跳过
2026-07-18T02:14:15.846+08:00  INFO 29964 --- [hotel-ai-os-core-api] [           main] o.f.c.i.s.DefaultSqlScriptExecutor       : DB: 关系"employee_position_assignment"的策略"tenant_isolation"不存在，跳过
2026-07-18T02:14:15.846+08:00  INFO 29964 --- [hotel-ai-os-core-api] [           main] o.f.c.i.s.DefaultSqlScriptExecutor       : DB: 关系"app_role"的策略"tenant_isolation"不存在，跳过
2026-07-18T02:14:15.846+08:00  INFO 29964 --- [hotel-ai-os-core-api] [           main] o.f.c.i.s.DefaultSqlScriptExecutor       : DB: 关系"role_permission"的策略"tenant_isolation"不存在，跳过
2026-07-18T02:14:15.846+08:00  INFO 29964 --- [hotel-ai-os-core-api] [           main] o.f.c.i.s.DefaultSqlScriptExecutor       : DB: 关系"role_assignment"的策略"tenant_isolation"不存在，跳过
2026-07-18T02:14:15.846+08:00  INFO 29964 --- [hotel-ai-os-core-api] [           main] o.f.c.i.s.DefaultSqlScriptExecutor       : DB: 关系"standard_category"的策略"tenant_isolation"不存在，跳过
2026-07-18T02:14:15.846+08:00  INFO 29964 --- [hotel-ai-os-core-api] [           main] o.f.c.i.s.DefaultSqlScriptExecutor       : DB: 关系"standard_definition"的策略"tenant_isolation"不存在，跳过
2026-07-18T02:14:15.846+08:00  INFO 29964 --- [hotel-ai-os-core-api] [           main] o.f.c.i.s.DefaultSqlScriptExecutor       : DB: 关系"standard_version"的策略"tenant_isolation"不存在，跳过
2026-07-18T02:14:15.846+08:00  INFO 29964 --- [hotel-ai-os-core-api] [           main] o.f.c.i.s.DefaultSqlScriptExecutor       : DB: 关系"standard_scope"的策略"tenant_isolation"不存在，跳过
2026-07-18T02:14:15.846+08:00  INFO 29964 --- [hotel-ai-os-core-api] [           main] o.f.c.i.s.DefaultSqlScriptExecutor       : DB: 关系"form_definition"的策略"tenant_isolation"不存在，跳过
2026-07-18T02:14:15.846+08:00  INFO 29964 --- [hotel-ai-os-core-api] [           main] o.f.c.i.s.DefaultSqlScriptExecutor       : DB: 关系"form_version"的策略"tenant_isolation"不存在，跳过
2026-07-18T02:14:15.846+08:00  INFO 29964 --- [hotel-ai-os-core-api] [           main] o.f.c.i.s.DefaultSqlScriptExecutor       : DB: 关系"work_record"的策略"tenant_isolation"不存在，跳过
2026-07-18T02:14:15.846+08:00  INFO 29964 --- [hotel-ai-os-core-api] [           main] o.f.c.i.s.DefaultSqlScriptExecutor       : DB: 关系"attachment"的策略"tenant_isolation"不存在，跳过
2026-07-18T02:14:15.846+08:00  INFO 29964 --- [hotel-ai-os-core-api] [           main] o.f.c.i.s.DefaultSqlScriptExecutor       : DB: 关系"metric_definition"的策略"tenant_isolation"不存在，跳过
2026-07-18T02:14:15.846+08:00  INFO 29964 --- [hotel-ai-os-core-api] [           main] o.f.c.i.s.DefaultSqlScriptExecutor       : DB: 关系"metric_observation"的策略"tenant_isolation"不存在，跳过
2026-07-18T02:14:15.846+08:00  INFO 29964 --- [hotel-ai-os-core-api] [           main] o.f.c.i.s.DefaultSqlScriptExecutor       : DB: 关系"audit_log"的策略"tenant_isolation"不存在，跳过
2026-07-18T02:14:15.846+08:00  INFO 29964 --- [hotel-ai-os-core-api] [           main] o.f.c.i.s.DefaultSqlScriptExecutor       : DB: 关系"outbox_event"的策略"tenant_isolation"不存在，跳过
2026-07-18T02:14:15.854+08:00  INFO 29964 --- [hotel-ai-os-core-api] [           main] o.f.core.internal.command.DbMigrate      : Migrating schema "public" to version "3 - sprint1 demo seed"
2026-07-18T02:14:15.854+08:00  INFO 29964 --- [hotel-ai-os-core-api] [           main] o.f.c.i.s.DefaultSqlScriptExecutor       : +--------------------------------------+
| set_config                           |
+--------------------------------------+
| 10000000-0000-0000-0000-000000000001 |
+--------------------------------------+

2026-07-18T02:14:15.899+08:00  INFO 29964 --- [hotel-ai-os-core-api] [           main] o.f.core.internal.command.DbMigrate      : Migrating schema "public" to version "4 - grant runtime privileges"
2026-07-18T02:14:15.912+08:00  INFO 29964 --- [hotel-ai-os-core-api] [           main] o.f.core.internal.command.DbMigrate      : Migrating schema "public" to version "5 - sprint2 work packages and records"
2026-07-18T02:14:16.013+08:00  INFO 29964 --- [hotel-ai-os-core-api] [           main] o.f.core.internal.command.DbMigrate      : Migrating schema "public" to version "6 - sprint2 reliable events"
2026-07-18T02:14:16.051+08:00  INFO 29964 --- [hotel-ai-os-core-api] [           main] o.f.core.internal.command.DbMigrate      : Migrating schema "public" to version "7 - enterprise rule center"
2026-07-18T02:14:16.112+08:00  INFO 29964 --- [hotel-ai-os-core-api] [           main] o.f.core.internal.command.DbMigrate      : Migrating schema "public" to version "8 - management task center"
2026-07-18T02:14:16.179+08:00  INFO 29964 --- [hotel-ai-os-core-api] [           main] o.f.core.internal.command.DbMigrate      : Migrating schema "public" to version "9 - standard evaluation and notification"
2026-07-18T02:14:16.226+08:00  INFO 29964 --- [hotel-ai-os-core-api] [           main] o.f.core.internal.command.DbMigrate      : Migrating schema "public" to version "10 - sprint2 permissions and six role seed"
2026-07-18T02:14:16.226+08:00  INFO 29964 --- [hotel-ai-os-core-api] [           main] o.f.c.i.s.DefaultSqlScriptExecutor       : +--------------------------------------+
| set_config                           |
+--------------------------------------+
| 10000000-0000-0000-0000-000000000001 |
+--------------------------------------+

2026-07-18T02:14:16.241+08:00  INFO 29964 --- [hotel-ai-os-core-api] [           main] o.f.core.internal.command.DbMigrate      : Migrating schema "public" to version "11 - published standard and form immutability"
2026-07-18T02:14:16.250+08:00  INFO 29964 --- [hotel-ai-os-core-api] [           main] o.f.core.internal.command.DbMigrate      : Migrating schema "public" to version "12 - rule event reliability and immutability"
2026-07-18T02:14:16.263+08:00  INFO 29964 --- [hotel-ai-os-core-api] [           main] o.f.core.internal.command.DbMigrate      : Migrating schema "public" to version "13 - sprint2 1 regional dashboard permission"
2026-07-18T02:14:16.263+08:00  INFO 29964 --- [hotel-ai-os-core-api] [           main] o.f.c.i.s.DefaultSqlScriptExecutor       : +--------------------------------------+
| set_config                           |
+--------------------------------------+
| 10000000-0000-0000-0000-000000000001 |
+--------------------------------------+

2026-07-18T02:14:16.265+08:00  INFO 29964 --- [hotel-ai-os-core-api] [           main] o.f.core.internal.command.DbMigrate      : Successfully applied 13 migrations to schema "public", now at version v13 (execution time 00:00.510s)
2026-07-18T02:14:16.369+08:00  INFO 29964 --- [hotel-ai-os-core-api] [gres:pid(19404)] i.z.t.d.p.embedded.EmbeddedPostgres      : 2026-07-18 02:14:16.369 CST [25288] 错误:  published, disabled or retired rule versions are immutable
2026-07-18T02:14:16.369+08:00  INFO 29964 --- [hotel-ai-os-core-api] [gres:pid(19404)] i.z.t.d.p.embedded.EmbeddedPostgres      : 2026-07-18 02:14:16.369 CST [25288] 上下文:  在RAISE的第14行的PL/pgSQL函数protect_published_rule_version()
2026-07-18T02:14:16.369+08:00  INFO 29964 --- [hotel-ai-os-core-api] [gres:pid(19404)] i.z.t.d.p.embedded.EmbeddedPostgres      : 2026-07-18 02:14:16.369 CST [25288] 语句:  UPDATE rule_version SET lifecycle_status = 'DRAFT' WHERE id = '30000000-0000-0000-0000-000000000003'::uuid
2026-07-18T02:14:16.370+08:00  INFO 29964 --- [hotel-ai-os-core-api] [gres:pid(19404)] i.z.t.d.p.embedded.EmbeddedPostgres      : 2026-07-18 02:14:16.370 CST [25288] 错误:  published, disabled or retired rule versions are immutable
2026-07-18T02:14:16.370+08:00  INFO 29964 --- [hotel-ai-os-core-api] [gres:pid(19404)] i.z.t.d.p.embedded.EmbeddedPostgres      : 2026-07-18 02:14:16.370 CST [25288] 上下文:  在RAISE的第14行的PL/pgSQL函数protect_published_rule_version()
2026-07-18T02:14:16.370+08:00  INFO 29964 --- [hotel-ai-os-core-api] [gres:pid(19404)] i.z.t.d.p.embedded.EmbeddedPostgres      : 2026-07-18 02:14:16.370 CST [25288] 语句:  UPDATE rule_version SET condition_ast = '{"op":"TRUE"}'::jsonb WHERE id = '30000000-0000-0000-0000-000000000003'::uuid
2026-07-18T02:14:16.371+08:00  INFO 29964 --- [hotel-ai-os-core-api] [gres:pid(19404)] i.z.t.d.p.embedded.EmbeddedPostgres      : 2026-07-18 02:14:16.371 CST [25288] 错误:  scope of a published, disabled or retired rule version is immutable
2026-07-18T02:14:16.371+08:00  INFO 29964 --- [hotel-ai-os-core-api] [gres:pid(19404)] i.z.t.d.p.embedded.EmbeddedPostgres      : 2026-07-18 02:14:16.371 CST [25288] 上下文:  在RAISE的第11行的PL/pgSQL函数protect_published_rule_scope()
2026-07-18T02:14:16.371+08:00  INFO 29964 --- [hotel-ai-os-core-api] [gres:pid(19404)] i.z.t.d.p.embedded.EmbeddedPostgres      : 2026-07-18 02:14:16.371 CST [25288] 语句:  DELETE FROM rule_scope WHERE rule_version_id = '30000000-0000-0000-0000-000000000003'::uuid
2026-07-18T02:14:16.371+08:00  INFO 29964 --- [hotel-ai-os-core-api] [gres:pid(19404)] i.z.t.d.p.embedded.EmbeddedPostgres      : 2026-07-18 02:14:16.372 CST [25288] 错误:  scope of a published, disabled or retired rule version is immutable
2026-07-18T02:14:16.371+08:00  INFO 29964 --- [hotel-ai-os-core-api] [gres:pid(19404)] i.z.t.d.p.embedded.EmbeddedPostgres      : 2026-07-18 02:14:16.372 CST [25288] 上下文:  在RAISE的第11行的PL/pgSQL函数protect_published_rule_scope()
2026-07-18T02:14:16.371+08:00  INFO 29964 --- [hotel-ai-os-core-api] [gres:pid(19404)] i.z.t.d.p.embedded.EmbeddedPostgres      : 2026-07-18 02:14:16.372 CST [25288] 语句:  UPDATE rule_scope SET rule_version_id = '30000000-0000-0000-0000-000000000004'::uuid WHERE id = '30000000-0000-0000-0000-000000000005'::uuid
2026-07-18T02:14:16.371+08:00  INFO 29964 --- [hotel-ai-os-core-api] [gres:pid(19404)] i.z.t.d.p.embedded.EmbeddedPostgres      : 	
2026-07-18T02:14:16.372+08:00  INFO 29964 --- [hotel-ai-os-core-api] [gres:pid(19404)] i.z.t.d.p.embedded.EmbeddedPostgres      : 2026-07-18 02:14:16.373 CST [25288] 错误:  published, disabled or retired rule versions are immutable
2026-07-18T02:14:16.372+08:00  INFO 29964 --- [hotel-ai-os-core-api] [gres:pid(19404)] i.z.t.d.p.embedded.EmbeddedPostgres      : 2026-07-18 02:14:16.373 CST [25288] 上下文:  在RAISE的第14行的PL/pgSQL函数protect_published_rule_version()
2026-07-18T02:14:16.372+08:00  INFO 29964 --- [hotel-ai-os-core-api] [gres:pid(19404)] i.z.t.d.p.embedded.EmbeddedPostgres      : 2026-07-18 02:14:16.373 CST [25288] 语句:  UPDATE rule_version SET effective_to = now() + interval '1 hour' WHERE id = '30000000-0000-0000-0000-000000000003'::uuid
2026-07-18T02:14:16.380+08:00  INFO 29964 --- [hotel-ai-os-core-api] [gres:pid(19404)] i.z.t.d.p.embedded.EmbeddedPostgres      : 2026-07-18 02:14:16.380 CST [25288] 错误:  only draft work package versions may change
2026-07-18T02:14:16.381+08:00  INFO 29964 --- [hotel-ai-os-core-api] [gres:pid(19404)] i.z.t.d.p.embedded.EmbeddedPostgres      : 2026-07-18 02:14:16.380 CST [25288] 上下文:  在RAISE的第20行的PL/pgSQL函数require_draft_work_package_child()
2026-07-18T02:14:16.381+08:00  INFO 29964 --- [hotel-ai-os-core-api] [gres:pid(19404)] i.z.t.d.p.embedded.EmbeddedPostgres      : 2026-07-18 02:14:16.380 CST [25288] 语句:  UPDATE work_package_item SET work_package_version_id = '30000000-0000-0000-0000-000000000012'
2026-07-18T02:14:16.381+08:00  INFO 29964 --- [hotel-ai-os-core-api] [gres:pid(19404)] i.z.t.d.p.embedded.EmbeddedPostgres      : 	WHERE id = '30000000-0000-0000-0000-000000000013'::uuid
2026-07-18T02:14:16.381+08:00  INFO 29964 --- [hotel-ai-os-core-api] [gres:pid(19404)] i.z.t.d.p.embedded.EmbeddedPostgres      : 	
2026-07-18T02:14:16.494+08:00  INFO 29964 --- [hotel-ai-os-core-api] [gres:pid(19404)] i.z.t.d.p.embedded.EmbeddedPostgres      : 2026-07-18 02:14:16.495 CST [31468] ��־:  ���յ����� (fast) ֹͣ����
2026-07-18T02:14:16.495+08:00  INFO 29964 --- [hotel-ai-os-core-api] [gres:pid(19404)] i.z.t.d.p.embedded.EmbeddedPostgres      : 2026-07-18 02:14:16.495 CST [31468] ��־:  �ж��κμ�������
2026-07-18T02:14:16.500+08:00  INFO 29964 --- [hotel-ai-os-core-api] [gres:pid(19404)] i.z.t.d.p.embedded.EmbeddedPostgres      : 2026-07-18 02:14:16.500 CST [31468] ��־:  ��̨�������� "logical replication launcher" (PID 23136) ���˳�, �˳����� 1
2026-07-18T02:14:16.501+08:00  INFO 29964 --- [hotel-ai-os-core-api] [gres:pid(19404)] i.z.t.d.p.embedded.EmbeddedPostgres      : 2026-07-18 02:14:16.501 CST [3636] ��־:  ���ڹر�
2026-07-18T02:14:16.543+08:00  INFO 29964 --- [hotel-ai-os-core-api] [gres:pid(19404)] i.z.t.d.p.embedded.EmbeddedPostgres      : 2026-07-18 02:14:16.543 CST [31468] ��־:  ���ݿ�ϵͳ�ѹر�
2026-07-18T02:14:16.599+08:00  INFO 29964 --- [hotel-ai-os-core-api] [_ctl:pid(31700)] i.z.t.d.p.embedded.EmbeddedPostgres      : waiting for server to shut down.... done
2026-07-18T02:14:16.599+08:00  INFO 29964 --- [hotel-ai-os-core-api] [_ctl:pid(31700)] i.z.t.d.p.embedded.EmbeddedPostgres      : server stopped
2026-07-18T02:14:16.602+08:00  INFO 29964 --- [hotel-ai-os-core-api] [           main] i.z.t.d.p.embedded.EmbeddedPostgres      : 26a85067-c318-4f98-bcae-937d1617adef shut down postmaster in 00:00:00.135
]]></system-out>
  </testcase>
</testsuite>