<?xml version="1.0" encoding="UTF-8"?>
<testsuite xmlns:xsi="http://www.w3.org/2001/XMLSchema-instance" xsi:noNamespaceSchemaLocation="https://maven.apache.org/surefire/maven-surefire-plugin/xsd/surefire-test-report.xsd" version="3.0.2" name="cn.sifangguan.hotelaios.ApiRuntimeIntegrationTest" time="11.49" tests="4" errors="0" skipped="0" failures="0">
  <properties>
[...]
</properties>
  <testcase name="ceoDashboardReturnsSeededGroupOverview" classname="cn.sifangguan.hotelaios.ApiRuntimeIntegrationTest" time="0.977">
    <system-out><![CDATA[13:34:10.337 [main] INFO org.springframework.test.context.support.AnnotationConfigContextLoaderUtils -- Could not detect default configuration classes for test class [cn.sifangguan.hotelaios.ApiRuntimeIntegrationTest]: ApiRuntimeIntegrationTest does not declare any static, non-private, non-final, nested classes annotated with @Configuration.
13:34:10.472 [main] INFO org.springframework.boot.test.context.SpringBootTestContextBootstrapper -- Found @SpringBootConfiguration cn.sifangguan.hotelaios.HotelAiOsApplication for test class cn.sifangguan.hotelaios.ApiRuntimeIntegrationTest
13:34:10.643 [main] INFO io.zonky.test.db.postgres.embedded.EmbeddedPostgres -- Detected a Windows x86_64 system
13:34:10.645 [main] INFO io.zonky.test.db.postgres.embedded.DefaultPostgresBinaryResolver -- Detected distribution: 'Unknown'
13:34:10.646 [main] INFO io.zonky.test.db.postgres.embedded.DefaultPostgresBinaryResolver -- System specific postgres binaries found: 'postgres-windows-x86_64.txz'
13:34:10.716 [main] INFO io.zonky.test.db.postgres.embedded.EmbeddedPostgres -- Postgres binaries at C:\Users\MSN\AppData\Local\Temp\embedded-pg\PG-3942d5a1dcdbfebc27772e9e670d5d85
13:34:10.821 [initdb:pid(11708)] INFO io.zonky.test.db.postgres.embedded.EmbeddedPostgres -- The files belonging to this database system will be owned by user "MSN".
13:34:10.821 [initdb:pid(11708)] INFO io.zonky.test.db.postgres.embedded.EmbeddedPostgres -- This user must also own the server process.
13:34:10.821 [initdb:pid(11708)] INFO io.zonky.test.db.postgres.embedded.EmbeddedPostgres -- 
13:34:10.822 [initdb:pid(11708)] INFO io.zonky.test.db.postgres.embedded.EmbeddedPostgres -- The database cluster will be initialized with locale "Chinese (Simplified)_China.936".
13:34:10.822 [initdb:pid(11708)] INFO io.zonky.test.db.postgres.embedded.EmbeddedPostgres -- initdb: could not find suitable text search configuration for locale "Chinese (Simplified)_China.936"
13:34:10.822 [initdb:pid(11708)] INFO io.zonky.test.db.postgres.embedded.EmbeddedPostgres -- The default text search configuration will be set to "simple".
13:34:10.822 [initdb:pid(11708)] INFO io.zonky.test.db.postgres.embedded.EmbeddedPostgres -- 
13:34:10.822 [initdb:pid(11708)] INFO io.zonky.test.db.postgres.embedded.EmbeddedPostgres -- Data page checksums are disabled.
13:34:10.822 [initdb:pid(11708)] INFO io.zonky.test.db.postgres.embedded.EmbeddedPostgres -- 
13:34:10.822 [initdb:pid(11708)] INFO io.zonky.test.db.postgres.embedded.EmbeddedPostgres -- fixing permissions on existing directory C:/Users/MSN/AppData/Local/Temp/epg9557568137213974183 ... ok
13:34:10.834 [initdb:pid(11708)] INFO io.zonky.test.db.postgres.embedded.EmbeddedPostgres -- creating subdirectories ... ok
13:34:10.834 [initdb:pid(11708)] INFO io.zonky.test.db.postgres.embedded.EmbeddedPostgres -- selecting dynamic shared memory implementation ... windows
13:34:10.897 [initdb:pid(11708)] INFO io.zonky.test.db.postgres.embedded.EmbeddedPostgres -- selecting default max_connections ... 100
13:34:10.961 [initdb:pid(11708)] INFO io.zonky.test.db.postgres.embedded.EmbeddedPostgres -- selecting default shared_buffers ... 128MB
13:34:10.962 [initdb:pid(11708)] INFO io.zonky.test.db.postgres.embedded.EmbeddedPostgres -- selecting default time zone ... Asia/Shanghai
13:34:10.967 [initdb:pid(11708)] INFO io.zonky.test.db.postgres.embedded.EmbeddedPostgres -- creating configuration files ... ok
13:34:11.379 [initdb:pid(11708)] INFO io.zonky.test.db.postgres.embedded.EmbeddedPostgres -- running bootstrap script ... ok
13:34:12.271 [initdb:pid(11708)] INFO io.zonky.test.db.postgres.embedded.EmbeddedPostgres -- performing post-bootstrap initialization ... ok
13:34:13.179 [initdb:pid(11708)] INFO io.zonky.test.db.postgres.embedded.EmbeddedPostgres -- syncing data to disk ... ok
13:34:13.179 [initdb:pid(11708)] INFO io.zonky.test.db.postgres.embedded.EmbeddedPostgres -- 
13:34:13.179 [initdb:pid(11708)] INFO io.zonky.test.db.postgres.embedded.EmbeddedPostgres -- Success. You can now start the database server using:
13:34:13.179 [initdb:pid(11708)] INFO io.zonky.test.db.postgres.embedded.EmbeddedPostgres -- 
13:34:13.179 [initdb:pid(11708)] INFO io.zonky.test.db.postgres.embedded.EmbeddedPostgres --     ^"C^:^\Users^\MSN^\AppData^\Local^\Temp^\embedded^-pg^\PG^-3942d5a1dcdbfebc27772e9e670d5d85^\bin^\pg^_ctl^" -D ^"C^:^\Users^\MSN^\AppData^\Local^\Temp^\epg9557568137213974183^" -l logfile start
13:34:13.179 [initdb:pid(11708)] INFO io.zonky.test.db.postgres.embedded.EmbeddedPostgres -- 
13:34:13.184 [main] INFO io.zonky.test.db.postgres.embedded.EmbeddedPostgres -- c53592ee-f415-4603-82fc-84c83412b95e initdb completed in 00:00:02.464
13:34:13.194 [main] INFO io.zonky.test.db.postgres.embedded.EmbeddedPostgres -- c53592ee-f415-4603-82fc-84c83412b95e postmaster started as Process[pid=23608, exitValue="not exited"] on port 62086.  Waiting up to PT10S for server startup to finish.
13:34:13.435 [postgres:pid(23608)] INFO io.zonky.test.db.postgres.embedded.EmbeddedPostgres -- waiting for server to start....2026-07-18 13:34:13.435 CST [26804] ��־:  �������� PostgreSQL 14.22, compiled by Visual C++ build 1944, 64-bit
13:34:13.440 [postgres:pid(23608)] INFO io.zonky.test.db.postgres.embedded.EmbeddedPostgres -- 2026-07-18 13:34:13.441 CST [26804] ��־:  ���ڼ���IPv6��ַ"::1"���˿� 62086
13:34:13.440 [postgres:pid(23608)] INFO io.zonky.test.db.postgres.embedded.EmbeddedPostgres -- 2026-07-18 13:34:13.441 CST [26804] ��־:  ���ڼ���IPv4��ַ"127.0.0.1"���˿� 62086
13:34:13.515 [postgres:pid(23608)] INFO io.zonky.test.db.postgres.embedded.EmbeddedPostgres -- 2026-07-18 13:34:13.515 CST [31152] ��־:  ���ݿ��ϴιر�ʱ��Ϊ 2026-07-18 13:34:12 CST
13:34:13.689 [postgres:pid(23608)] INFO io.zonky.test.db.postgres.embedded.EmbeddedPostgres -- 2026-07-18 13:34:13.690 CST [26804] ��־:  ���ݿ�ϵͳ׼����������
13:34:13.714 [postgres:pid(23608)] INFO io.zonky.test.db.postgres.embedded.EmbeddedPostgres --  done
13:34:13.715 [postgres:pid(23608)] INFO io.zonky.test.db.postgres.embedded.EmbeddedPostgres -- server started
13:34:13.849 [main] INFO io.zonky.test.db.postgres.embedded.EmbeddedPostgres -- c53592ee-f415-4603-82fc-84c83412b95e postmaster startup finished in 00:00:00.660

  .   ____          _            __ _ _
 /\\ / ___'_ __ _ _(_)_ __  __ _ \ \ \ \
( ( )\___ | '_ | '_| | '_ \/ _` | \ \ \ \
 \\/  ___)| |_)| | | | | || (_| |  ) ) ) )
  '  |____| .__|_| |_|_| |_\__, | / / / /
 =========|_|==============|___/=/_/_/_/

 :: Spring Boot ::                (v3.5.3)

2026-07-18T13:34:14.335+08:00  INFO 26484 --- [hotel-ai-os-core-api] [           main] c.s.hotelaios.ApiRuntimeIntegrationTest  : Starting ApiRuntimeIntegrationTest using Java 21.0.11 with PID 26484 (started by MSN in C:\Users\MSN\Documents\四方馆AI中台项目\apps\core-api)
2026-07-18T13:34:14.337+08:00  INFO 26484 --- [hotel-ai-os-core-api] [           main] c.s.hotelaios.ApiRuntimeIntegrationTest  : No active profile set, falling back to 1 default profile: "default"
2026-07-18T13:34:16.422+08:00  INFO 26484 --- [hotel-ai-os-core-api] [           main] org.flywaydb.core.FlywayExecutor         : Database: jdbc:postgresql://localhost:62086/postgres (PostgreSQL 14.22)
2026-07-18T13:34:16.484+08:00  INFO 26484 --- [hotel-ai-os-core-api] [           main] o.f.c.i.s.JdbcTableSchemaHistory         : Schema history table "public"."flyway_schema_history" does not exist yet
2026-07-18T13:34:16.488+08:00  INFO 26484 --- [hotel-ai-os-core-api] [           main] o.f.core.internal.command.DbValidate     : Successfully validated 13 migrations (execution time 00:00.031s)
2026-07-18T13:34:16.502+08:00  INFO 26484 --- [hotel-ai-os-core-api] [           main] o.f.c.i.s.JdbcTableSchemaHistory         : Creating Schema History table "public"."flyway_schema_history" ...
2026-07-18T13:34:16.623+08:00  INFO 26484 --- [hotel-ai-os-core-api] [           main] o.f.core.internal.command.DbMigrate      : Current version of schema "public": << Empty Schema >>
2026-07-18T13:34:16.656+08:00  INFO 26484 --- [hotel-ai-os-core-api] [           main] o.f.core.internal.command.DbMigrate      : Migrating schema "public" to version "1 - sprint1 foundation"
2026-07-18T13:34:16.825+08:00  INFO 26484 --- [hotel-ai-os-core-api] [           main] o.f.core.internal.command.DbMigrate      : Migrating schema "public" to version "2 - tenant row level security"
2026-07-18T13:34:16.839+08:00  INFO 26484 --- [hotel-ai-os-core-api] [           main] o.f.c.i.s.DefaultSqlScriptExecutor       : DB: 关系"brand"的策略"tenant_isolation"不存在，跳过
2026-07-18T13:34:16.839+08:00  INFO 26484 --- [hotel-ai-os-core-api] [           main] o.f.c.i.s.DefaultSqlScriptExecutor       : DB: 关系"org_unit"的策略"tenant_isolation"不存在，跳过
2026-07-18T13:34:16.841+08:00  INFO 26484 --- [hotel-ai-os-core-api] [           main] o.f.c.i.s.DefaultSqlScriptExecutor       : DB: 关系"org_unit_closure"的策略"tenant_isolation"不存在，跳过
2026-07-18T13:34:16.841+08:00  INFO 26484 --- [hotel-ai-os-core-api] [           main] o.f.c.i.s.DefaultSqlScriptExecutor       : DB: 关系"hotel_profile"的策略"tenant_isolation"不存在，跳过
2026-07-18T13:34:16.841+08:00  INFO 26484 --- [hotel-ai-os-core-api] [           main] o.f.c.i.s.DefaultSqlScriptExecutor       : DB: 关系"user_account"的策略"tenant_isolation"不存在，跳过
2026-07-18T13:34:16.841+08:00  INFO 26484 --- [hotel-ai-os-core-api] [           main] o.f.c.i.s.DefaultSqlScriptExecutor       : DB: 关系"employee"的策略"tenant_isolation"不存在，跳过
2026-07-18T13:34:16.841+08:00  INFO 26484 --- [hotel-ai-os-core-api] [           main] o.f.c.i.s.DefaultSqlScriptExecutor       : DB: 关系"position_definition"的策略"tenant_isolation"不存在，跳过
2026-07-18T13:34:16.841+08:00  INFO 26484 --- [hotel-ai-os-core-api] [           main] o.f.c.i.s.DefaultSqlScriptExecutor       : DB: 关系"employee_position_assignment"的策略"tenant_isolation"不存在，跳过
2026-07-18T13:34:16.841+08:00  INFO 26484 --- [hotel-ai-os-core-api] [           main] o.f.c.i.s.DefaultSqlScriptExecutor       : DB: 关系"app_role"的策略"tenant_isolation"不存在，跳过
2026-07-18T13:34:16.841+08:00  INFO 26484 --- [hotel-ai-os-core-api] [           main] o.f.c.i.s.DefaultSqlScriptExecutor       : DB: 关系"role_permission"的策略"tenant_isolation"不存在，跳过
2026-07-18T13:34:16.841+08:00  INFO 26484 --- [hotel-ai-os-core-api] [           main] o.f.c.i.s.DefaultSqlScriptExecutor       : DB: 关系"role_assignment"的策略"tenant_isolation"不存在，跳过
2026-07-18T13:34:16.842+08:00  INFO 26484 --- [hotel-ai-os-core-api] [           main] o.f.c.i.s.DefaultSqlScriptExecutor       : DB: 关系"standard_category"的策略"tenant_isolation"不存在，跳过
2026-07-18T13:34:16.842+08:00  INFO 26484 --- [hotel-ai-os-core-api] [           main] o.f.c.i.s.DefaultSqlScriptExecutor       : DB: 关系"standard_definition"的策略"tenant_isolation"不存在，跳过
2026-07-18T13:34:16.842+08:00  INFO 26484 --- [hotel-ai-os-core-api] [           main] o.f.c.i.s.DefaultSqlScriptExecutor       : DB: 关系"standard_version"的策略"tenant_isolation"不存在，跳过
2026-07-18T13:34:16.842+08:00  INFO 26484 --- [hotel-ai-os-core-api] [           main] o.f.c.i.s.DefaultSqlScriptExecutor       : DB: 关系"standard_scope"的策略"tenant_isolation"不存在，跳过
2026-07-18T13:34:16.842+08:00  INFO 26484 --- [hotel-ai-os-core-api] [           main] o.f.c.i.s.DefaultSqlScriptExecutor       : DB: 关系"form_definition"的策略"tenant_isolation"不存在，跳过
2026-07-18T13:34:16.842+08:00  INFO 26484 --- [hotel-ai-os-core-api] [           main] o.f.c.i.s.DefaultSqlScriptExecutor       : DB: 关系"form_version"的策略"tenant_isolation"不存在，跳过
2026-07-18T13:34:16.842+08:00  INFO 26484 --- [hotel-ai-os-core-api] [           main] o.f.c.i.s.DefaultSqlScriptExecutor       : DB: 关系"work_record"的策略"tenant_isolation"不存在，跳过
2026-07-18T13:34:16.842+08:00  INFO 26484 --- [hotel-ai-os-core-api] [           main] o.f.c.i.s.DefaultSqlScriptExecutor       : DB: 关系"attachment"的策略"tenant_isolation"不存在，跳过
2026-07-18T13:34:16.842+08:00  INFO 26484 --- [hotel-ai-os-core-api] [           main] o.f.c.i.s.DefaultSqlScriptExecutor       : DB: 关系"metric_definition"的策略"tenant_isolation"不存在，跳过
2026-07-18T13:34:16.843+08:00  INFO 26484 --- [hotel-ai-os-core-api] [           main] o.f.c.i.s.DefaultSqlScriptExecutor       : DB: 关系"metric_observation"的策略"tenant_isolation"不存在，跳过
2026-07-18T13:34:16.843+08:00  INFO 26484 --- [hotel-ai-os-core-api] [           main] o.f.c.i.s.DefaultSqlScriptExecutor       : DB: 关系"audit_log"的策略"tenant_isolation"不存在，跳过
2026-07-18T13:34:16.843+08:00  INFO 26484 --- [hotel-ai-os-core-api] [           main] o.f.c.i.s.DefaultSqlScriptExecutor       : DB: 关系"outbox_event"的策略"tenant_isolation"不存在，跳过
2026-07-18T13:34:16.868+08:00  INFO 26484 --- [hotel-ai-os-core-api] [           main] o.f.core.internal.command.DbMigrate      : Migrating schema "public" to version "3 - sprint1 demo seed"
2026-07-18T13:34:16.870+08:00  INFO 26484 --- [hotel-ai-os-core-api] [           main] o.f.c.i.s.DefaultSqlScriptExecutor       : +--------------------------------------+
| set_config                           |
+--------------------------------------+
| 10000000-0000-0000-0000-000000000001 |
+--------------------------------------+

2026-07-18T13:34:16.922+08:00  INFO 26484 --- [hotel-ai-os-core-api] [           main] o.f.core.internal.command.DbMigrate      : Migrating schema "public" to version "4 - grant runtime privileges"
2026-07-18T13:34:16.944+08:00  INFO 26484 --- [hotel-ai-os-core-api] [           main] o.f.core.internal.command.DbMigrate      : Migrating schema "public" to version "5 - sprint2 work packages and records"
2026-07-18T13:34:17.097+08:00  INFO 26484 --- [hotel-ai-os-core-api] [           main] o.f.core.internal.command.DbMigrate      : Migrating schema "public" to version "6 - sprint2 reliable events"
2026-07-18T13:34:17.144+08:00  INFO 26484 --- [hotel-ai-os-core-api] [           main] o.f.core.internal.command.DbMigrate      : Migrating schema "public" to version "7 - enterprise rule center"
2026-07-18T13:34:17.201+08:00  INFO 26484 --- [hotel-ai-os-core-api] [           main] o.f.core.internal.command.DbMigrate      : Migrating schema "public" to version "8 - management task center"
2026-07-18T13:34:17.259+08:00  INFO 26484 --- [hotel-ai-os-core-api] [           main] o.f.core.internal.command.DbMigrate      : Migrating schema "public" to version "9 - standard evaluation and notification"
2026-07-18T13:34:17.306+08:00  INFO 26484 --- [hotel-ai-os-core-api] [           main] o.f.core.internal.command.DbMigrate      : Migrating schema "public" to version "10 - sprint2 permissions and six role seed"
2026-07-18T13:34:17.307+08:00  INFO 26484 --- [hotel-ai-os-core-api] [           main] o.f.c.i.s.DefaultSqlScriptExecutor       : +--------------------------------------+
| set_config                           |
+--------------------------------------+
| 10000000-0000-0000-0000-000000000001 |
+--------------------------------------+

2026-07-18T13:34:17.322+08:00  INFO 26484 --- [hotel-ai-os-core-api] [           main] o.f.core.internal.command.DbMigrate      : Migrating schema "public" to version "11 - published standard and form immutability"
2026-07-18T13:34:17.331+08:00  INFO 26484 --- [hotel-ai-os-core-api] [           main] o.f.core.internal.command.DbMigrate      : Migrating schema "public" to version "12 - rule event reliability and immutability"
2026-07-18T13:34:17.346+08:00  INFO 26484 --- [hotel-ai-os-core-api] [           main] o.f.core.internal.command.DbMigrate      : Migrating schema "public" to version "13 - sprint2 1 regional dashboard permission"
2026-07-18T13:34:17.346+08:00  INFO 26484 --- [hotel-ai-os-core-api] [           main] o.f.c.i.s.DefaultSqlScriptExecutor       : +--------------------------------------+
| set_config                           |
+--------------------------------------+
| 10000000-0000-0000-0000-000000000001 |
+--------------------------------------+

2026-07-18T13:34:17.353+08:00  INFO 26484 --- [hotel-ai-os-core-api] [           main] o.f.core.internal.command.DbMigrate      : Successfully applied 13 migrations to schema "public", now at version v13 (execution time 00:00.554s)
2026-07-18T13:34:18.447+08:00  INFO 26484 --- [hotel-ai-os-core-api] [           main] o.s.b.a.e.web.EndpointLinksResolver      : Exposing 3 endpoints beneath base path '/actuator'
2026-07-18T13:34:18.879+08:00  INFO 26484 --- [hotel-ai-os-core-api] [           main] o.s.b.t.m.w.SpringBootMockServletContext : Initializing Spring TestDispatcherServlet ''
2026-07-18T13:34:18.880+08:00  INFO 26484 --- [hotel-ai-os-core-api] [           main] o.s.t.web.servlet.TestDispatcherServlet  : Initializing Servlet ''
2026-07-18T13:34:18.881+08:00  INFO 26484 --- [hotel-ai-os-core-api] [           main] o.s.t.web.servlet.TestDispatcherServlet  : Completed initialization in 1 ms
2026-07-18T13:34:18.952+08:00  INFO 26484 --- [hotel-ai-os-core-api] [           main] c.s.hotelaios.ApiRuntimeIntegrationTest  : Started ApiRuntimeIntegrationTest in 4.987 seconds (process running for 9.4)
2026-07-18T13:34:19.754+08:00  INFO 26484 --- [hotel-ai-os-core-api] [           main] com.zaxxer.hikari.HikariDataSource       : HikariPool-1 - Starting...
2026-07-18T13:34:19.853+08:00  INFO 26484 --- [hotel-ai-os-core-api] [           main] com.zaxxer.hikari.pool.HikariPool        : HikariPool-1 - Added connection org.postgresql.jdbc.PgConnection@41a3c6f5
2026-07-18T13:34:19.856+08:00  INFO 26484 --- [hotel-ai-os-core-api] [           main] com.zaxxer.hikari.HikariDataSource       : HikariPool-1 - Start completed.
]]></system-out>
    <system-err><![CDATA[Mockito is currently self-attaching to enable the inline-mock-maker. This will no longer work in future releases of the JDK. Please add Mockito as an agent to your build as described in Mockito's documentation: https://javadoc.io/doc/org.mockito/mockito-core/latest/org.mockito/org/mockito/Mockito.html#0.3
WARNING: A Java agent has been loaded dynamically (C:\Users\MSN\Documents\Ëķ½¹ÝAIÖÐ̨ÏîĿ\.tooling\m2\net\bytebuddy\byte-buddy-agent\1.17.6\byte-buddy-agent-1.17.6.j)
WARNING: If a serviceability tool is in use, please run with -XX:+EnableDynamicAgentLoading to hide this warning
WARNING: If a serviceability tool is not in use, please run with -Djdk.instrument.traceUsage for more information
WARNING: Dynamic loading of agents will be disallowed by default in a future release
]]></system-err>
  </testcase>
  <testcase name="effectiveIdentityIgnoresSpoofedClientRoleAndScopeHeaders" classname="cn.sifangguan.hotelaios.ApiRuntimeIntegrationTest" time="0.043"/>
  <testcase name="requestContextFailsClosedAndUnknownTenantAccountIsRejected" classname="cn.sifangguan.hotelaios.ApiRuntimeIntegrationTest" time="0.015"/>
  <testcase name="generalManagerCanReadOnlyAssignedHotelScope" classname="cn.sifangguan.hotelaios.ApiRuntimeIntegrationTest" time="0.063"/>
</testsuite>